<?xml version="1.0" encoding="utf-8"?><testsuites name="pytest tests"><testsuite name="pytest" errors="0" failures="184" skipped="1" tests="1184" time="67.018" timestamp="2026-04-28T22:14:46.008758-05:00" hostname="IS80897"><testcase classname="tests.architecture.test_dependency_graph" name="test_dependency_graph_is_valid" time="0.024" /><testcase classname="tests.architecture.test_fetch_boundary" name="test_only_state_builder_handles_fetch" time="0.004"><failure message="ModuleNotFoundError: No module named 'apps.api.integration_core'">tests\architecture\test_fetch_boundary.py:10: in test_only_state_builder_handles_fetch
    source = inspect.getsource(importlib.import_module("apps.api.integration_core.state_builder"))
                               ^^^^^^^^^^^^^^^^^^^^^^^^^^^^^^^^^^^^^^^^^^^^^^^^^^^^^^^^^^^^^^^^^^
C:\Program Files\Python313\Lib\importlib\__init__.py:88: in import_module
    return _bootstrap._gcd_import(name[level:], package, level)
           ^^^^^^^^^^^^^^^^^^^^^^^^^^^^^^^^^^^^^^^^^^^^^^^^^^^^
&lt;frozen importlib._bootstrap&gt;:1387: in _gcd_import
    ???
&lt;frozen importlib._bootstrap&gt;:1360: in _find_and_load
    ???
&lt;frozen importlib._bootstrap&gt;:1310: in _find_and_load_unlocked
    ???
&lt;frozen importlib._bootstrap&gt;:488: in _call_with_frames_removed
    ???
&lt;frozen importlib._bootstrap&gt;:1387: in _gcd_import
    ???
&lt;frozen importlib._bootstrap&gt;:1360: in _find_and_load
    ???
&lt;frozen importlib._bootstrap&gt;:1324: in _find_and_load_unlocked
    ???
E   ModuleNotFoundError: No module named 'apps.api.integration_core'</failure></testcase><testcase classname="tests.architecture.test_fetch_boundary" name="test_orchestrator_does_not_fetch" time="0.004"><failure message="ModuleNotFoundError: No module named 'apps.api.integration_core'">tests\architecture\test_fetch_boundary.py:15: in test_orchestrator_does_not_fetch
    source = inspect.getsource(importlib.import_module("apps.api.integration_core.orchestrator"))
                               ^^^^^^^^^^^^^^^^^^^^^^^^^^^^^^^^^^^^^^^^^^^^^^^^^^^^^^^^^^^^^^^^^
C:\Program Files\Python313\Lib\importlib\__init__.py:88: in import_module
    return _bootstrap._gcd_import(name[level:], package, level)
           ^^^^^^^^^^^^^^^^^^^^^^^^^^^^^^^^^^^^^^^^^^^^^^^^^^^^
&lt;frozen importlib._bootstrap&gt;:1387: in _gcd_import
    ???
&lt;frozen importlib._bootstrap&gt;:1360: in _find_and_load
    ???
&lt;frozen importlib._bootstrap&gt;:1310: in _find_and_load_unlocked
    ???
&lt;frozen importlib._bootstrap&gt;:488: in _call_with_frames_removed
    ???
&lt;frozen importlib._bootstrap&gt;:1387: in _gcd_import
    ???
&lt;frozen importlib._bootstrap&gt;:1360: in _find_and_load
    ???
&lt;frozen importlib._bootstrap&gt;:1324: in _find_and_load_unlocked
    ???
E   ModuleNotFoundError: No module named 'apps.api.integration_core'</failure></testcase><testcase classname="tests.architecture.test_fetch_boundary" name="test_orchestrator_is_pure_coordinator" time="0.004" /><testcase classname="tests.architecture.test_single_fetch_source" name="test_only_state_builder_has_fetch_events" time="0.005"><failure message="ModuleNotFoundError: No module named 'apps.api.integration_core'">tests\architecture\test_single_fetch_source.py:9: in test_only_state_builder_has_fetch_events
    sb_src = inspect.getsource(importlib.import_module("apps.api.integration_core.state_builder"))
                               ^^^^^^^^^^^^^^^^^^^^^^^^^^^^^^^^^^^^^^^^^^^^^^^^^^^^^^^^^^^^^^^^^^
C:\Program Files\Python313\Lib\importlib\__init__.py:88: in import_module
    return _bootstrap._gcd_import(name[level:], package, level)
           ^^^^^^^^^^^^^^^^^^^^^^^^^^^^^^^^^^^^^^^^^^^^^^^^^^^^
&lt;frozen importlib._bootstrap&gt;:1387: in _gcd_import
    ???
&lt;frozen importlib._bootstrap&gt;:1360: in _find_and_load
    ???
&lt;frozen importlib._bootstrap&gt;:1310: in _find_and_load_unlocked
    ???
&lt;frozen importlib._bootstrap&gt;:488: in _call_with_frames_removed
    ???
&lt;frozen importlib._bootstrap&gt;:1387: in _gcd_import
    ???
&lt;frozen importlib._bootstrap&gt;:1360: in _find_and_load
    ???
&lt;frozen importlib._bootstrap&gt;:1324: in _find_and_load_unlocked
    ???
E   ModuleNotFoundError: No module named 'apps.api.integration_core'</failure></testcase><testcase classname="tests.decision.test_decision_engine" name="test_decision_engine_is_deterministic" time="0.005" /><testcase classname="tests.decision.test_decision_engine" name="test_events_are_ranked_by_time" time="0.006" /><testcase classname="tests.decision.test_decision_engine" name="test_conflicts_detected" time="0.005" /><testcase classname="tests.decision.test_decision_engine" name="test_state_not_mutated" time="0.010" /><testcase classname="tests.p1_verification.test_auth_lifecycle.TestAuthTokenIssuance" name="test_token_pair_structure" time="0.025"><failure message="sqlalchemy.exc.IntegrityError: (sqlite3.IntegrityError) FOREIGN KEY constraint failed&#10;[SQL: INSERT INTO session_tokens (token_id, household_id, user_id, device_id, role, session_claims, is_valid, created_at, expires_at, updated_at) VALUES (?, ?, ?, ?, ?, ?, ?, ?, ?, ?)]&#10;[parameters: ('35071c21e29c59fe72662b6562bf4b8a20f18f3fb228b7539a7e6828a49e66df', 'family-b582b82e', 'user-251c459b', 'dev-cacfe452', 'ADMIN', '{&quot;device_id&quot;: &quot;dev-cacfe452&quot;, &quot;exp&quot;: 1777433387, &quot;household_id&quot;: &quot;family-b582b82e&quot;, &quot;iat&quot;: 1777432487, &quot;iss&quot;: &quot;hpal&quot;, &quot;jti&quot;: &quot;9e1d114e-9ae9-4684-97f9-145c04c7fa83&quot;, &quot;role&quot;: &quot;ADMIN&quot;, &quot;typ&quot;: &quot;access&quot;, &quot;user_id&quot;: &quot;user-251c459b&quot;}', 1, '2026-04-29 03:14:47.780228', '2026-04-29 03:29:47.000000', '2026-04-29 03:14:47.780233')]&#10;(Background on this error at: https://sqlalche.me/e/20/gkpj)">.venv\Lib\site-packages\sqlalchemy\engine\base.py:1967: in _exec_single_context
    self.dialect.do_execute(
.venv\Lib\site-packages\sqlalchemy\engine\default.py:952: in do_execute
    cursor.execute(statement, parameters)
E   sqlite3.IntegrityError: FOREIGN KEY constraint failed

The above exception was the direct cause of the following exception:
tests\p1_verification\test_auth_lifecycle.py:25: in test_token_pair_structure
    pair = service.issue_token_pair(
archive\apps\api\auth\token_service.py:102: in issue_token_pair
    self._persist_token(access_token, access_claims)
archive\apps\api\auth\token_service.py:262: in _persist_token
    self._get_repository().create_session_token(
archive\apps\api\identity\sqlalchemy_repository.py:804: in create_session_token
    session.flush()
.venv\Lib\site-packages\sqlalchemy\orm\session.py:4331: in flush
    self._flush(objects)
.venv\Lib\site-packages\sqlalchemy\orm\session.py:4466: in _flush
    with util.safe_reraise():
         ^^^^^^^^^^^^^^^^^^^
.venv\Lib\site-packages\sqlalchemy\util\langhelpers.py:121: in __exit__
    raise exc_value.with_traceback(exc_tb)
.venv\Lib\site-packages\sqlalchemy\orm\session.py:4427: in _flush
    flush_context.execute()
.venv\Lib\site-packages\sqlalchemy\orm\unitofwork.py:466: in execute
    rec.execute(self)
.venv\Lib\site-packages\sqlalchemy\orm\unitofwork.py:642: in execute
    util.preloaded.orm_persistence.save_obj(
.venv\Lib\site-packages\sqlalchemy\orm\persistence.py:93: in save_obj
    _emit_insert_statements(
.venv\Lib\site-packages\sqlalchemy\orm\persistence.py:1048: in _emit_insert_statements
    result = connection.execute(
.venv\Lib\site-packages\sqlalchemy\engine\base.py:1419: in execute
    return meth(
.venv\Lib\site-packages\sqlalchemy\sql\elements.py:527: in _execute_on_connection
    return connection._execute_clauseelement(
.venv\Lib\site-packages\sqlalchemy\engine\base.py:1641: in _execute_clauseelement
    ret = self._execute_context(
.venv\Lib\site-packages\sqlalchemy\engine\base.py:1846: in _execute_context
    return self._exec_single_context(
.venv\Lib\site-packages\sqlalchemy\engine\base.py:1986: in _exec_single_context
    self._handle_dbapi_exception(
.venv\Lib\site-packages\sqlalchemy\engine\base.py:2363: in _handle_dbapi_exception
    raise sqlalchemy_exception.with_traceback(exc_info[2]) from e
.venv\Lib\site-packages\sqlalchemy\engine\base.py:1967: in _exec_single_context
    self.dialect.do_execute(
.venv\Lib\site-packages\sqlalchemy\engine\default.py:952: in do_execute
    cursor.execute(statement, parameters)
E   sqlalchemy.exc.IntegrityError: (sqlite3.IntegrityError) FOREIGN KEY constraint failed
E   [SQL: INSERT INTO session_tokens (token_id, household_id, user_id, device_id, role, session_claims, is_valid, created_at, expires_at, updated_at) VALUES (?, ?, ?, ?, ?, ?, ?, ?, ?, ?)]
E   [parameters: ('35071c21e29c59fe72662b6562bf4b8a20f18f3fb228b7539a7e6828a49e66df', 'family-b582b82e', 'user-251c459b', 'dev-cacfe452', 'ADMIN', '{"device_id": "dev-cacfe452", "exp": 1777433387, "household_id": "family-b582b82e", "iat": 1777432487, "iss": "hpal", "jti": "9e1d114e-9ae9-4684-97f9-145c04c7fa83", "role": "ADMIN", "typ": "access", "user_id": "user-251c459b"}', 1, '2026-04-29 03:14:47.780228', '2026-04-29 03:29:47.000000', '2026-04-29 03:14:47.780233')]
E   (Background on this error at: https://sqlalche.me/e/20/gkpj)</failure></testcase><testcase classname="tests.p1_verification.test_auth_lifecycle.TestAuthTokenIssuance" name="test_access_token_shorter_expiry" time="0.010"><failure message="sqlalchemy.exc.IntegrityError: (sqlite3.IntegrityError) FOREIGN KEY constraint failed&#10;[SQL: INSERT INTO session_tokens (token_id, household_id, user_id, device_id, role, session_claims, is_valid, created_at, expires_at, updated_at) VALUES (?, ?, ?, ?, ?, ?, ?, ?, ?, ?)]&#10;[parameters: ('fc3d36d487b6712953cca11d6901a5ce2a5e86af880ac2b2259d57237603ca5e', 'family-d1e62be3', 'user-d5f1c81b', 'dev-0f490e5b', 'ADMIN', '{&quot;device_id&quot;: &quot;dev-0f490e5b&quot;, &quot;exp&quot;: 1777433388, &quot;household_id&quot;: &quot;family-d1e62be3&quot;, &quot;iat&quot;: 1777432488, &quot;iss&quot;: &quot;hpal&quot;, &quot;jti&quot;: &quot;381180ad-7312-470d-b9e9-f49b45676d21&quot;, &quot;role&quot;: &quot;ADMIN&quot;, &quot;typ&quot;: &quot;access&quot;, &quot;user_id&quot;: &quot;user-d5f1c81b&quot;}', 1, '2026-04-29 03:14:48.157527', '2026-04-29 03:29:48.000000', '2026-04-29 03:14:48.157531')]&#10;(Background on this error at: https://sqlalche.me/e/20/gkpj)">.venv\Lib\site-packages\sqlalchemy\engine\base.py:1967: in _exec_single_context
    self.dialect.do_execute(
.venv\Lib\site-packages\sqlalchemy\engine\default.py:952: in do_execute
    cursor.execute(statement, parameters)
E   sqlite3.IntegrityError: FOREIGN KEY constraint failed

The above exception was the direct cause of the following exception:
tests\p1_verification\test_auth_lifecycle.py:43: in test_access_token_shorter_expiry
    pair = service.issue_token_pair(
archive\apps\api\auth\token_service.py:102: in issue_token_pair
    self._persist_token(access_token, access_claims)
archive\apps\api\auth\token_service.py:262: in _persist_token
    self._get_repository().create_session_token(
archive\apps\api\identity\sqlalchemy_repository.py:804: in create_session_token
    session.flush()
.venv\Lib\site-packages\sqlalchemy\orm\session.py:4331: in flush
    self._flush(objects)
.venv\Lib\site-packages\sqlalchemy\orm\session.py:4466: in _flush
    with util.safe_reraise():
         ^^^^^^^^^^^^^^^^^^^
.venv\Lib\site-packages\sqlalchemy\util\langhelpers.py:121: in __exit__
    raise exc_value.with_traceback(exc_tb)
.venv\Lib\site-packages\sqlalchemy\orm\session.py:4427: in _flush
    flush_context.execute()
.venv\Lib\site-packages\sqlalchemy\orm\unitofwork.py:466: in execute
    rec.execute(self)
.venv\Lib\site-packages\sqlalchemy\orm\unitofwork.py:642: in execute
    util.preloaded.orm_persistence.save_obj(
.venv\Lib\site-packages\sqlalchemy\orm\persistence.py:93: in save_obj
    _emit_insert_statements(
.venv\Lib\site-packages\sqlalchemy\orm\persistence.py:1048: in _emit_insert_statements
    result = connection.execute(
.venv\Lib\site-packages\sqlalchemy\engine\base.py:1419: in execute
    return meth(
.venv\Lib\site-packages\sqlalchemy\sql\elements.py:527: in _execute_on_connection
    return connection._execute_clauseelement(
.venv\Lib\site-packages\sqlalchemy\engine\base.py:1641: in _execute_clauseelement
    ret = self._execute_context(
.venv\Lib\site-packages\sqlalchemy\engine\base.py:1846: in _execute_context
    return self._exec_single_context(
.venv\Lib\site-packages\sqlalchemy\engine\base.py:1986: in _exec_single_context
    self._handle_dbapi_exception(
.venv\Lib\site-packages\sqlalchemy\engine\base.py:2363: in _handle_dbapi_exception
    raise sqlalchemy_exception.with_traceback(exc_info[2]) from e
.venv\Lib\site-packages\sqlalchemy\engine\base.py:1967: in _exec_single_context
    self.dialect.do_execute(
.venv\Lib\site-packages\sqlalchemy\engine\default.py:952: in do_execute
    cursor.execute(statement, parameters)
E   sqlalchemy.exc.IntegrityError: (sqlite3.IntegrityError) FOREIGN KEY constraint failed
E   [SQL: INSERT INTO session_tokens (token_id, household_id, user_id, device_id, role, session_claims, is_valid, created_at, expires_at, updated_at) VALUES (?, ?, ?, ?, ?, ?, ?, ?, ?, ?)]
E   [parameters: ('fc3d36d487b6712953cca11d6901a5ce2a5e86af880ac2b2259d57237603ca5e', 'family-d1e62be3', 'user-d5f1c81b', 'dev-0f490e5b', 'ADMIN', '{"device_id": "dev-0f490e5b", "exp": 1777433388, "household_id": "family-d1e62be3", "iat": 1777432488, "iss": "hpal", "jti": "381180ad-7312-470d-b9e9-f49b45676d21", "role": "ADMIN", "typ": "access", "user_id": "user-d5f1c81b"}', 1, '2026-04-29 03:14:48.157527', '2026-04-29 03:29:48.000000', '2026-04-29 03:14:48.157531')]
E   (Background on this error at: https://sqlalche.me/e/20/gkpj)</failure></testcase><testcase classname="tests.p1_verification.test_auth_lifecycle.TestAuthTokenValidation" name="test_valid_token_accepted" time="0.010"><failure message="sqlalchemy.exc.IntegrityError: (sqlite3.IntegrityError) FOREIGN KEY constraint failed&#10;[SQL: INSERT INTO session_tokens (token_id, household_id, user_id, device_id, role, session_claims, is_valid, created_at, expires_at, updated_at) VALUES (?, ?, ?, ?, ?, ?, ?, ?, ?, ?)]&#10;[parameters: ('865b54406d65a6d33cabe61bb772a0711d418856e86bf0ca7926b5cdb8a2b813', 'family-56705957', 'user-11004601', 'dev-bd951a1a', 'ADMIN', '{&quot;device_id&quot;: &quot;dev-bd951a1a&quot;, &quot;exp&quot;: 1777433388, &quot;household_id&quot;: &quot;family-56705957&quot;, &quot;iat&quot;: 1777432488, &quot;iss&quot;: &quot;hpal&quot;, &quot;jti&quot;: &quot;ca8dee56-907d-4d9a-9970-52fc35d219ec&quot;, &quot;role&quot;: &quot;ADMIN&quot;, &quot;typ&quot;: &quot;access&quot;, &quot;user_id&quot;: &quot;user-11004601&quot;}', 1, '2026-04-29 03:14:48.491158', '2026-04-29 03:29:48.000000', '2026-04-29 03:14:48.491162')]&#10;(Background on this error at: https://sqlalche.me/e/20/gkpj)">.venv\Lib\site-packages\sqlalchemy\engine\base.py:1967: in _exec_single_context
    self.dialect.do_execute(
.venv\Lib\site-packages\sqlalchemy\engine\default.py:952: in do_execute
    cursor.execute(statement, parameters)
E   sqlite3.IntegrityError: FOREIGN KEY constraint failed

The above exception was the direct cause of the following exception:
tests\p1_verification\test_auth_lifecycle.py:65: in test_valid_token_accepted
    pair = service.issue_token_pair(
archive\apps\api\auth\token_service.py:102: in issue_token_pair
    self._persist_token(access_token, access_claims)
archive\apps\api\auth\token_service.py:262: in _persist_token
    self._get_repository().create_session_token(
archive\apps\api\identity\sqlalchemy_repository.py:804: in create_session_token
    session.flush()
.venv\Lib\site-packages\sqlalchemy\orm\session.py:4331: in flush
    self._flush(objects)
.venv\Lib\site-packages\sqlalchemy\orm\session.py:4466: in _flush
    with util.safe_reraise():
         ^^^^^^^^^^^^^^^^^^^
.venv\Lib\site-packages\sqlalchemy\util\langhelpers.py:121: in __exit__
    raise exc_value.with_traceback(exc_tb)
.venv\Lib\site-packages\sqlalchemy\orm\session.py:4427: in _flush
    flush_context.execute()
.venv\Lib\site-packages\sqlalchemy\orm\unitofwork.py:466: in execute
    rec.execute(self)
.venv\Lib\site-packages\sqlalchemy\orm\unitofwork.py:642: in execute
    util.preloaded.orm_persistence.save_obj(
.venv\Lib\site-packages\sqlalchemy\orm\persistence.py:93: in save_obj
    _emit_insert_statements(
.venv\Lib\site-packages\sqlalchemy\orm\persistence.py:1048: in _emit_insert_statements
    result = connection.execute(
.venv\Lib\site-packages\sqlalchemy\engine\base.py:1419: in execute
    return meth(
.venv\Lib\site-packages\sqlalchemy\sql\elements.py:527: in _execute_on_connection
    return connection._execute_clauseelement(
.venv\Lib\site-packages\sqlalchemy\engine\base.py:1641: in _execute_clauseelement
    ret = self._execute_context(
.venv\Lib\site-packages\sqlalchemy\engine\base.py:1846: in _execute_context
    return self._exec_single_context(
.venv\Lib\site-packages\sqlalchemy\engine\base.py:1986: in _exec_single_context
    self._handle_dbapi_exception(
.venv\Lib\site-packages\sqlalchemy\engine\base.py:2363: in _handle_dbapi_exception
    raise sqlalchemy_exception.with_traceback(exc_info[2]) from e
.venv\Lib\site-packages\sqlalchemy\engine\base.py:1967: in _exec_single_context
    self.dialect.do_execute(
.venv\Lib\site-packages\sqlalchemy\engine\default.py:952: in do_execute
    cursor.execute(statement, parameters)
E   sqlalchemy.exc.IntegrityError: (sqlite3.IntegrityError) FOREIGN KEY constraint failed
E   [SQL: INSERT INTO session_tokens (token_id, household_id, user_id, device_id, role, session_claims, is_valid, created_at, expires_at, updated_at) VALUES (?, ?, ?, ?, ?, ?, ?, ?, ?, ?)]
E   [parameters: ('865b54406d65a6d33cabe61bb772a0711d418856e86bf0ca7926b5cdb8a2b813', 'family-56705957', 'user-11004601', 'dev-bd951a1a', 'ADMIN', '{"device_id": "dev-bd951a1a", "exp": 1777433388, "household_id": "family-56705957", "iat": 1777432488, "iss": "hpal", "jti": "ca8dee56-907d-4d9a-9970-52fc35d219ec", "role": "ADMIN", "typ": "access", "user_id": "user-11004601"}', 1, '2026-04-29 03:14:48.491158', '2026-04-29 03:29:48.000000', '2026-04-29 03:14:48.491162')]
E   (Background on this error at: https://sqlalche.me/e/20/gkpj)</failure></testcase><testcase classname="tests.p1_verification.test_auth_lifecycle.TestAuthTokenValidation" name="test_expired_token_rejected" time="0.012"><failure message="sqlalchemy.exc.IntegrityError: (sqlite3.IntegrityError) FOREIGN KEY constraint failed&#10;[SQL: INSERT INTO session_tokens (token_id, household_id, user_id, device_id, role, session_claims, is_valid, created_at, expires_at, updated_at) VALUES (?, ?, ?, ?, ?, ?, ?, ?, ?, ?)]&#10;[parameters: ('e211b9b64cb8579960a643d9c51b71533af230ceac297f17bcba69c9b316bda4', 'family-09979fe1', 'user-bfb0b186', 'dev-47e86229', 'ADMIN', '{&quot;device_id&quot;: &quot;dev-47e86229&quot;, &quot;exp&quot;: 1777433388, &quot;household_id&quot;: &quot;family-09979fe1&quot;, &quot;iat&quot;: 1777432488, &quot;iss&quot;: &quot;hpal&quot;, &quot;jti&quot;: &quot;bb8dcc90-1100-462e-9a0b-2bd59eb47866&quot;, &quot;role&quot;: &quot;ADMIN&quot;, &quot;typ&quot;: &quot;access&quot;, &quot;user_id&quot;: &quot;user-bfb0b186&quot;}', 1, '2026-04-29 03:14:48.855142', '2026-04-29 03:29:48.000000', '2026-04-29 03:14:48.855146')]&#10;(Background on this error at: https://sqlalche.me/e/20/gkpj)">.venv\Lib\site-packages\sqlalchemy\engine\base.py:1967: in _exec_single_context
    self.dialect.do_execute(
.venv\Lib\site-packages\sqlalchemy\engine\default.py:952: in do_execute
    cursor.execute(statement, parameters)
E   sqlite3.IntegrityError: FOREIGN KEY constraint failed

The above exception was the direct cause of the following exception:
tests\p1_verification\test_auth_lifecycle.py:83: in test_expired_token_rejected
    pair = service.issue_token_pair(
archive\apps\api\auth\token_service.py:102: in issue_token_pair
    self._persist_token(access_token, access_claims)
archive\apps\api\auth\token_service.py:262: in _persist_token
    self._get_repository().create_session_token(
archive\apps\api\identity\sqlalchemy_repository.py:804: in create_session_token
    session.flush()
.venv\Lib\site-packages\sqlalchemy\orm\session.py:4331: in flush
    self._flush(objects)
.venv\Lib\site-packages\sqlalchemy\orm\session.py:4466: in _flush
    with util.safe_reraise():
         ^^^^^^^^^^^^^^^^^^^
.venv\Lib\site-packages\sqlalchemy\util\langhelpers.py:121: in __exit__
    raise exc_value.with_traceback(exc_tb)
.venv\Lib\site-packages\sqlalchemy\orm\session.py:4427: in _flush
    flush_context.execute()
.venv\Lib\site-packages\sqlalchemy\orm\unitofwork.py:466: in execute
    rec.execute(self)
.venv\Lib\site-packages\sqlalchemy\orm\unitofwork.py:642: in execute
    util.preloaded.orm_persistence.save_obj(
.venv\Lib\site-packages\sqlalchemy\orm\persistence.py:93: in save_obj
    _emit_insert_statements(
.venv\Lib\site-packages\sqlalchemy\orm\persistence.py:1048: in _emit_insert_statements
    result = connection.execute(
.venv\Lib\site-packages\sqlalchemy\engine\base.py:1419: in execute
    return meth(
.venv\Lib\site-packages\sqlalchemy\sql\elements.py:527: in _execute_on_connection
    return connection._execute_clauseelement(
.venv\Lib\site-packages\sqlalchemy\engine\base.py:1641: in _execute_clauseelement
    ret = self._execute_context(
.venv\Lib\site-packages\sqlalchemy\engine\base.py:1846: in _execute_context
    return self._exec_single_context(
.venv\Lib\site-packages\sqlalchemy\engine\base.py:1986: in _exec_single_context
    self._handle_dbapi_exception(
.venv\Lib\site-packages\sqlalchemy\engine\base.py:2363: in _handle_dbapi_exception
    raise sqlalchemy_exception.with_traceback(exc_info[2]) from e
.venv\Lib\site-packages\sqlalchemy\engine\base.py:1967: in _exec_single_context
    self.dialect.do_execute(
.venv\Lib\site-packages\sqlalchemy\engine\default.py:952: in do_execute
    cursor.execute(statement, parameters)
E   sqlalchemy.exc.IntegrityError: (sqlite3.IntegrityError) FOREIGN KEY constraint failed
E   [SQL: INSERT INTO session_tokens (token_id, household_id, user_id, device_id, role, session_claims, is_valid, created_at, expires_at, updated_at) VALUES (?, ?, ?, ?, ?, ?, ?, ?, ?, ?)]
E   [parameters: ('e211b9b64cb8579960a643d9c51b71533af230ceac297f17bcba69c9b316bda4', 'family-09979fe1', 'user-bfb0b186', 'dev-47e86229', 'ADMIN', '{"device_id": "dev-47e86229", "exp": 1777433388, "household_id": "family-09979fe1", "iat": 1777432488, "iss": "hpal", "jti": "bb8dcc90-1100-462e-9a0b-2bd59eb47866", "role": "ADMIN", "typ": "access", "user_id": "user-bfb0b186"}', 1, '2026-04-29 03:14:48.855142', '2026-04-29 03:29:48.000000', '2026-04-29 03:14:48.855146')]
E   (Background on this error at: https://sqlalche.me/e/20/gkpj)</failure></testcase><testcase classname="tests.p1_verification.test_auth_lifecycle.TestAuthTokenValidation" name="test_tampered_token_rejected" time="0.008"><failure message="sqlalchemy.exc.IntegrityError: (sqlite3.IntegrityError) FOREIGN KEY constraint failed&#10;[SQL: INSERT INTO session_tokens (token_id, household_id, user_id, device_id, role, session_claims, is_valid, created_at, expires_at, updated_at) VALUES (?, ?, ?, ?, ?, ?, ?, ?, ?, ?)]&#10;[parameters: ('8d3ab1a533335b9dcb08d43d0f2880a68f4379b6885591aaf6018c791d0b236e', 'family-3fcd805e', 'user-01d1077a', 'dev-88ac5227', 'ADMIN', '{&quot;device_id&quot;: &quot;dev-88ac5227&quot;, &quot;exp&quot;: 1777433389, &quot;household_id&quot;: &quot;family-3fcd805e&quot;, &quot;iat&quot;: 1777432489, &quot;iss&quot;: &quot;hpal&quot;, &quot;jti&quot;: &quot;504ff897-f032-4765-b67c-c2e5df1f42a3&quot;, &quot;role&quot;: &quot;ADMIN&quot;, &quot;typ&quot;: &quot;access&quot;, &quot;user_id&quot;: &quot;user-01d1077a&quot;}', 1, '2026-04-29 03:14:49.173514', '2026-04-29 03:29:49.000000', '2026-04-29 03:14:49.173518')]&#10;(Background on this error at: https://sqlalche.me/e/20/gkpj)">.venv\Lib\site-packages\sqlalchemy\engine\base.py:1967: in _exec_single_context
    self.dialect.do_execute(
.venv\Lib\site-packages\sqlalchemy\engine\default.py:952: in do_execute
    cursor.execute(statement, parameters)
E   sqlite3.IntegrityError: FOREIGN KEY constraint failed

The above exception was the direct cause of the following exception:
tests\p1_verification\test_auth_lifecycle.py:100: in test_tampered_token_rejected
    pair = service.issue_token_pair(
archive\apps\api\auth\token_service.py:102: in issue_token_pair
    self._persist_token(access_token, access_claims)
archive\apps\api\auth\token_service.py:262: in _persist_token
    self._get_repository().create_session_token(
archive\apps\api\identity\sqlalchemy_repository.py:804: in create_session_token
    session.flush()
.venv\Lib\site-packages\sqlalchemy\orm\session.py:4331: in flush
    self._flush(objects)
.venv\Lib\site-packages\sqlalchemy\orm\session.py:4466: in _flush
    with util.safe_reraise():
         ^^^^^^^^^^^^^^^^^^^
.venv\Lib\site-packages\sqlalchemy\util\langhelpers.py:121: in __exit__
    raise exc_value.with_traceback(exc_tb)
.venv\Lib\site-packages\sqlalchemy\orm\session.py:4427: in _flush
    flush_context.execute()
.venv\Lib\site-packages\sqlalchemy\orm\unitofwork.py:466: in execute
    rec.execute(self)
.venv\Lib\site-packages\sqlalchemy\orm\unitofwork.py:642: in execute
    util.preloaded.orm_persistence.save_obj(
.venv\Lib\site-packages\sqlalchemy\orm\persistence.py:93: in save_obj
    _emit_insert_statements(
.venv\Lib\site-packages\sqlalchemy\orm\persistence.py:1048: in _emit_insert_statements
    result = connection.execute(
.venv\Lib\site-packages\sqlalchemy\engine\base.py:1419: in execute
    return meth(
.venv\Lib\site-packages\sqlalchemy\sql\elements.py:527: in _execute_on_connection
    return connection._execute_clauseelement(
.venv\Lib\site-packages\sqlalchemy\engine\base.py:1641: in _execute_clauseelement
    ret = self._execute_context(
.venv\Lib\site-packages\sqlalchemy\engine\base.py:1846: in _execute_context
    return self._exec_single_context(
.venv\Lib\site-packages\sqlalchemy\engine\base.py:1986: in _exec_single_context
    self._handle_dbapi_exception(
.venv\Lib\site-packages\sqlalchemy\engine\base.py:2363: in _handle_dbapi_exception
    raise sqlalchemy_exception.with_traceback(exc_info[2]) from e
.venv\Lib\site-packages\sqlalchemy\engine\base.py:1967: in _exec_single_context
    self.dialect.do_execute(
.venv\Lib\site-packages\sqlalchemy\engine\default.py:952: in do_execute
    cursor.execute(statement, parameters)
E   sqlalchemy.exc.IntegrityError: (sqlite3.IntegrityError) FOREIGN KEY constraint failed
E   [SQL: INSERT INTO session_tokens (token_id, household_id, user_id, device_id, role, session_claims, is_valid, created_at, expires_at, updated_at) VALUES (?, ?, ?, ?, ?, ?, ?, ?, ?, ?)]
E   [parameters: ('8d3ab1a533335b9dcb08d43d0f2880a68f4379b6885591aaf6018c791d0b236e', 'family-3fcd805e', 'user-01d1077a', 'dev-88ac5227', 'ADMIN', '{"device_id": "dev-88ac5227", "exp": 1777433389, "household_id": "family-3fcd805e", "iat": 1777432489, "iss": "hpal", "jti": "504ff897-f032-4765-b67c-c2e5df1f42a3", "role": "ADMIN", "typ": "access", "user_id": "user-01d1077a"}', 1, '2026-04-29 03:14:49.173514', '2026-04-29 03:29:49.000000', '2026-04-29 03:14:49.173518')]
E   (Background on this error at: https://sqlalche.me/e/20/gkpj)</failure></testcase><testcase classname="tests.p1_verification.test_auth_lifecycle.TestAuthTokenRefresh" name="test_refresh_token_extends_expiry" time="0.009"><failure message="sqlalchemy.exc.IntegrityError: (sqlite3.IntegrityError) FOREIGN KEY constraint failed&#10;[SQL: INSERT INTO session_tokens (token_id, household_id, user_id, device_id, role, session_claims, is_valid, created_at, expires_at, updated_at) VALUES (?, ?, ?, ?, ?, ?, ?, ?, ?, ?)]&#10;[parameters: ('f2aa9d2d16c1cb590cc4ca0936d168454787b82c3d1a618f2b92dd314dc12c75', 'family-c5c4c064', 'user-15500d63', 'dev-52bef7c7', 'ADMIN', '{&quot;device_id&quot;: &quot;dev-52bef7c7&quot;, &quot;exp&quot;: 1777433389, &quot;household_id&quot;: &quot;family-c5c4c064&quot;, &quot;iat&quot;: 1777432489, &quot;iss&quot;: &quot;hpal&quot;, &quot;jti&quot;: &quot;91142e15-1f81-44e1-afa9-e2f0ad9a9367&quot;, &quot;role&quot;: &quot;ADMIN&quot;, &quot;typ&quot;: &quot;access&quot;, &quot;user_id&quot;: &quot;user-15500d63&quot;}', 1, '2026-04-29 03:14:49.499387', '2026-04-29 03:29:49.000000', '2026-04-29 03:14:49.499392')]&#10;(Background on this error at: https://sqlalche.me/e/20/gkpj)">.venv\Lib\site-packages\sqlalchemy\engine\base.py:1967: in _exec_single_context
    self.dialect.do_execute(
.venv\Lib\site-packages\sqlalchemy\engine\default.py:952: in do_execute
    cursor.execute(statement, parameters)
E   sqlite3.IntegrityError: FOREIGN KEY constraint failed

The above exception was the direct cause of the following exception:
tests\p1_verification\test_auth_lifecycle.py:122: in test_refresh_token_extends_expiry
    pair1 = service.issue_token_pair(
archive\apps\api\auth\token_service.py:102: in issue_token_pair
    self._persist_token(access_token, access_claims)
archive\apps\api\auth\token_service.py:262: in _persist_token
    self._get_repository().create_session_token(
archive\apps\api\identity\sqlalchemy_repository.py:804: in create_session_token
    session.flush()
.venv\Lib\site-packages\sqlalchemy\orm\session.py:4331: in flush
    self._flush(objects)
.venv\Lib\site-packages\sqlalchemy\orm\session.py:4466: in _flush
    with util.safe_reraise():
         ^^^^^^^^^^^^^^^^^^^
.venv\Lib\site-packages\sqlalchemy\util\langhelpers.py:121: in __exit__
    raise exc_value.with_traceback(exc_tb)
.venv\Lib\site-packages\sqlalchemy\orm\session.py:4427: in _flush
    flush_context.execute()
.venv\Lib\site-packages\sqlalchemy\orm\unitofwork.py:466: in execute
    rec.execute(self)
.venv\Lib\site-packages\sqlalchemy\orm\unitofwork.py:642: in execute
    util.preloaded.orm_persistence.save_obj(
.venv\Lib\site-packages\sqlalchemy\orm\persistence.py:93: in save_obj
    _emit_insert_statements(
.venv\Lib\site-packages\sqlalchemy\orm\persistence.py:1048: in _emit_insert_statements
    result = connection.execute(
.venv\Lib\site-packages\sqlalchemy\engine\base.py:1419: in execute
    return meth(
.venv\Lib\site-packages\sqlalchemy\sql\elements.py:527: in _execute_on_connection
    return connection._execute_clauseelement(
.venv\Lib\site-packages\sqlalchemy\engine\base.py:1641: in _execute_clauseelement
    ret = self._execute_context(
.venv\Lib\site-packages\sqlalchemy\engine\base.py:1846: in _execute_context
    return self._exec_single_context(
.venv\Lib\site-packages\sqlalchemy\engine\base.py:1986: in _exec_single_context
    self._handle_dbapi_exception(
.venv\Lib\site-packages\sqlalchemy\engine\base.py:2363: in _handle_dbapi_exception
    raise sqlalchemy_exception.with_traceback(exc_info[2]) from e
.venv\Lib\site-packages\sqlalchemy\engine\base.py:1967: in _exec_single_context
    self.dialect.do_execute(
.venv\Lib\site-packages\sqlalchemy\engine\default.py:952: in do_execute
    cursor.execute(statement, parameters)
E   sqlalchemy.exc.IntegrityError: (sqlite3.IntegrityError) FOREIGN KEY constraint failed
E   [SQL: INSERT INTO session_tokens (token_id, household_id, user_id, device_id, role, session_claims, is_valid, created_at, expires_at, updated_at) VALUES (?, ?, ?, ?, ?, ?, ?, ?, ?, ?)]
E   [parameters: ('f2aa9d2d16c1cb590cc4ca0936d168454787b82c3d1a618f2b92dd314dc12c75', 'family-c5c4c064', 'user-15500d63', 'dev-52bef7c7', 'ADMIN', '{"device_id": "dev-52bef7c7", "exp": 1777433389, "household_id": "family-c5c4c064", "iat": 1777432489, "iss": "hpal", "jti": "91142e15-1f81-44e1-afa9-e2f0ad9a9367", "role": "ADMIN", "typ": "access", "user_id": "user-15500d63"}', 1, '2026-04-29 03:14:49.499387', '2026-04-29 03:29:49.000000', '2026-04-29 03:14:49.499392')]
E   (Background on this error at: https://sqlalche.me/e/20/gkpj)</failure></testcase><testcase classname="tests.p1_verification.test_auth_lifecycle.TestAuthTokenRefresh" name="test_invalid_refresh_token_rejected" time="0.004" /><testcase classname="tests.p1_verification.test_auth_lifecycle.TestAuthTokenRevocation" name="test_revoke_single_token" time="0.008"><failure message="sqlalchemy.exc.IntegrityError: (sqlite3.IntegrityError) FOREIGN KEY constraint failed&#10;[SQL: INSERT INTO session_tokens (token_id, household_id, user_id, device_id, role, session_claims, is_valid, created_at, expires_at, updated_at) VALUES (?, ?, ?, ?, ?, ?, ?, ?, ?, ?)]&#10;[parameters: ('2ea482a420313570fa18175e3fa879850461d9d1667ad6ac31170b9bfc12e2bd', 'family-85f9c284', 'user-72f64ebf', 'dev-5031f0bb', 'ADMIN', '{&quot;device_id&quot;: &quot;dev-5031f0bb&quot;, &quot;exp&quot;: 1777433389, &quot;household_id&quot;: &quot;family-85f9c284&quot;, &quot;iat&quot;: 1777432489, &quot;iss&quot;: &quot;hpal&quot;, &quot;jti&quot;: &quot;dcfca8ec-295e-435b-b9fa-4bb88b00a9ba&quot;, &quot;role&quot;: &quot;ADMIN&quot;, &quot;typ&quot;: &quot;access&quot;, &quot;user_id&quot;: &quot;user-72f64ebf&quot;}', 1, '2026-04-29 03:14:49.809721', '2026-04-29 03:29:49.000000', '2026-04-29 03:14:49.809725')]&#10;(Background on this error at: https://sqlalche.me/e/20/gkpj)">.venv\Lib\site-packages\sqlalchemy\engine\base.py:1967: in _exec_single_context
    self.dialect.do_execute(
.venv\Lib\site-packages\sqlalchemy\engine\default.py:952: in do_execute
    cursor.execute(statement, parameters)
E   sqlite3.IntegrityError: FOREIGN KEY constraint failed

The above exception was the direct cause of the following exception:
tests\p1_verification\test_auth_lifecycle.py:153: in test_revoke_single_token
    pair = service.issue_token_pair(
archive\apps\api\auth\token_service.py:102: in issue_token_pair
    self._persist_token(access_token, access_claims)
archive\apps\api\auth\token_service.py:262: in _persist_token
    self._get_repository().create_session_token(
archive\apps\api\identity\sqlalchemy_repository.py:804: in create_session_token
    session.flush()
.venv\Lib\site-packages\sqlalchemy\orm\session.py:4331: in flush
    self._flush(objects)
.venv\Lib\site-packages\sqlalchemy\orm\session.py:4466: in _flush
    with util.safe_reraise():
         ^^^^^^^^^^^^^^^^^^^
.venv\Lib\site-packages\sqlalchemy\util\langhelpers.py:121: in __exit__
    raise exc_value.with_traceback(exc_tb)
.venv\Lib\site-packages\sqlalchemy\orm\session.py:4427: in _flush
    flush_context.execute()
.venv\Lib\site-packages\sqlalchemy\orm\unitofwork.py:466: in execute
    rec.execute(self)
.venv\Lib\site-packages\sqlalchemy\orm\unitofwork.py:642: in execute
    util.preloaded.orm_persistence.save_obj(
.venv\Lib\site-packages\sqlalchemy\orm\persistence.py:93: in save_obj
    _emit_insert_statements(
.venv\Lib\site-packages\sqlalchemy\orm\persistence.py:1048: in _emit_insert_statements
    result = connection.execute(
.venv\Lib\site-packages\sqlalchemy\engine\base.py:1419: in execute
    return meth(
.venv\Lib\site-packages\sqlalchemy\sql\elements.py:527: in _execute_on_connection
    return connection._execute_clauseelement(
.venv\Lib\site-packages\sqlalchemy\engine\base.py:1641: in _execute_clauseelement
    ret = self._execute_context(
.venv\Lib\site-packages\sqlalchemy\engine\base.py:1846: in _execute_context
    return self._exec_single_context(
.venv\Lib\site-packages\sqlalchemy\engine\base.py:1986: in _exec_single_context
    self._handle_dbapi_exception(
.venv\Lib\site-packages\sqlalchemy\engine\base.py:2363: in _handle_dbapi_exception
    raise sqlalchemy_exception.with_traceback(exc_info[2]) from e
.venv\Lib\site-packages\sqlalchemy\engine\base.py:1967: in _exec_single_context
    self.dialect.do_execute(
.venv\Lib\site-packages\sqlalchemy\engine\default.py:952: in do_execute
    cursor.execute(statement, parameters)
E   sqlalchemy.exc.IntegrityError: (sqlite3.IntegrityError) FOREIGN KEY constraint failed
E   [SQL: INSERT INTO session_tokens (token_id, household_id, user_id, device_id, role, session_claims, is_valid, created_at, expires_at, updated_at) VALUES (?, ?, ?, ?, ?, ?, ?, ?, ?, ?)]
E   [parameters: ('2ea482a420313570fa18175e3fa879850461d9d1667ad6ac31170b9bfc12e2bd', 'family-85f9c284', 'user-72f64ebf', 'dev-5031f0bb', 'ADMIN', '{"device_id": "dev-5031f0bb", "exp": 1777433389, "household_id": "family-85f9c284", "iat": 1777432489, "iss": "hpal", "jti": "dcfca8ec-295e-435b-b9fa-4bb88b00a9ba", "role": "ADMIN", "typ": "access", "user_id": "user-72f64ebf"}', 1, '2026-04-29 03:14:49.809721', '2026-04-29 03:29:49.000000', '2026-04-29 03:14:49.809725')]
E   (Background on this error at: https://sqlalche.me/e/20/gkpj)</failure></testcase><testcase classname="tests.p1_verification.test_auth_lifecycle.TestAuthTokenRevocation" name="test_revoke_all_user_tokens" time="0.008"><failure message="sqlalchemy.exc.IntegrityError: (sqlite3.IntegrityError) FOREIGN KEY constraint failed&#10;[SQL: INSERT INTO session_tokens (token_id, household_id, user_id, device_id, role, session_claims, is_valid, created_at, expires_at, updated_at) VALUES (?, ?, ?, ?, ?, ?, ?, ?, ?, ?)]&#10;[parameters: ('b42262fe221e42a98f835066fea83f9a1e535139b61116a19a5d55a7192e6253', 'family-20a34021', 'user-20d65d17', 'dev-5176a9b6', 'ADMIN', '{&quot;device_id&quot;: &quot;dev-5176a9b6&quot;, &quot;exp&quot;: 1777433390, &quot;household_id&quot;: &quot;family-20a34021&quot;, &quot;iat&quot;: 1777432490, &quot;iss&quot;: &quot;hpal&quot;, &quot;jti&quot;: &quot;9cf1bc46-7b75-4578-bb09-9b376fc1ba99&quot;, &quot;role&quot;: &quot;ADMIN&quot;, &quot;typ&quot;: &quot;access&quot;, &quot;user_id&quot;: &quot;user-20d65d17&quot;}', 1, '2026-04-29 03:14:50.108518', '2026-04-29 03:29:50.000000', '2026-04-29 03:14:50.108521')]&#10;(Background on this error at: https://sqlalche.me/e/20/gkpj)">.venv\Lib\site-packages\sqlalchemy\engine\base.py:1967: in _exec_single_context
    self.dialect.do_execute(
.venv\Lib\site-packages\sqlalchemy\engine\default.py:952: in do_execute
    cursor.execute(statement, parameters)
E   sqlite3.IntegrityError: FOREIGN KEY constraint failed

The above exception was the direct cause of the following exception:
tests\p1_verification\test_auth_lifecycle.py:173: in test_revoke_all_user_tokens
    pair1 = service.issue_token_pair(
archive\apps\api\auth\token_service.py:102: in issue_token_pair
    self._persist_token(access_token, access_claims)
archive\apps\api\auth\token_service.py:262: in _persist_token
    self._get_repository().create_session_token(
archive\apps\api\identity\sqlalchemy_repository.py:804: in create_session_token
    session.flush()
.venv\Lib\site-packages\sqlalchemy\orm\session.py:4331: in flush
    self._flush(objects)
.venv\Lib\site-packages\sqlalchemy\orm\session.py:4466: in _flush
    with util.safe_reraise():
         ^^^^^^^^^^^^^^^^^^^
.venv\Lib\site-packages\sqlalchemy\util\langhelpers.py:121: in __exit__
    raise exc_value.with_traceback(exc_tb)
.venv\Lib\site-packages\sqlalchemy\orm\session.py:4427: in _flush
    flush_context.execute()
.venv\Lib\site-packages\sqlalchemy\orm\unitofwork.py:466: in execute
    rec.execute(self)
.venv\Lib\site-packages\sqlalchemy\orm\unitofwork.py:642: in execute
    util.preloaded.orm_persistence.save_obj(
.venv\Lib\site-packages\sqlalchemy\orm\persistence.py:93: in save_obj
    _emit_insert_statements(
.venv\Lib\site-packages\sqlalchemy\orm\persistence.py:1048: in _emit_insert_statements
    result = connection.execute(
.venv\Lib\site-packages\sqlalchemy\engine\base.py:1419: in execute
    return meth(
.venv\Lib\site-packages\sqlalchemy\sql\elements.py:527: in _execute_on_connection
    return connection._execute_clauseelement(
.venv\Lib\site-packages\sqlalchemy\engine\base.py:1641: in _execute_clauseelement
    ret = self._execute_context(
.venv\Lib\site-packages\sqlalchemy\engine\base.py:1846: in _execute_context
    return self._exec_single_context(
.venv\Lib\site-packages\sqlalchemy\engine\base.py:1986: in _exec_single_context
    self._handle_dbapi_exception(
.venv\Lib\site-packages\sqlalchemy\engine\base.py:2363: in _handle_dbapi_exception
    raise sqlalchemy_exception.with_traceback(exc_info[2]) from e
.venv\Lib\site-packages\sqlalchemy\engine\base.py:1967: in _exec_single_context
    self.dialect.do_execute(
.venv\Lib\site-packages\sqlalchemy\engine\default.py:952: in do_execute
    cursor.execute(statement, parameters)
E   sqlalchemy.exc.IntegrityError: (sqlite3.IntegrityError) FOREIGN KEY constraint failed
E   [SQL: INSERT INTO session_tokens (token_id, household_id, user_id, device_id, role, session_claims, is_valid, created_at, expires_at, updated_at) VALUES (?, ?, ?, ?, ?, ?, ?, ?, ?, ?)]
E   [parameters: ('b42262fe221e42a98f835066fea83f9a1e535139b61116a19a5d55a7192e6253', 'family-20a34021', 'user-20d65d17', 'dev-5176a9b6', 'ADMIN', '{"device_id": "dev-5176a9b6", "exp": 1777433390, "household_id": "family-20a34021", "iat": 1777432490, "iss": "hpal", "jti": "9cf1bc46-7b75-4578-bb09-9b376fc1ba99", "role": "ADMIN", "typ": "access", "user_id": "user-20d65d17"}', 1, '2026-04-29 03:14:50.108518', '2026-04-29 03:29:50.000000', '2026-04-29 03:14:50.108521')]
E   (Background on this error at: https://sqlalche.me/e/20/gkpj)</failure></testcase><testcase classname="tests.p1_verification.test_auth_lifecycle.TestAuthTokenRevocation" name="test_revoke_device_tokens" time="0.010"><failure message="sqlalchemy.exc.IntegrityError: (sqlite3.IntegrityError) FOREIGN KEY constraint failed&#10;[SQL: INSERT INTO session_tokens (token_id, household_id, user_id, device_id, role, session_claims, is_valid, created_at, expires_at, updated_at) VALUES (?, ?, ?, ?, ?, ?, ?, ?, ?, ?)]&#10;[parameters: ('7119681a549873859035507270e1a6e4006f473a2086de26077d744c42ab9ce4', 'family-35a6bd01', 'user-df67c991', 'dev-703e74a9', 'ADMIN', '{&quot;device_id&quot;: &quot;dev-703e74a9&quot;, &quot;exp&quot;: 1777433390, &quot;household_id&quot;: &quot;family-35a6bd01&quot;, &quot;iat&quot;: 1777432490, &quot;iss&quot;: &quot;hpal&quot;, &quot;jti&quot;: &quot;f57e7d3f-d8ba-4f71-a405-d51ccbddbe0e&quot;, &quot;role&quot;: &quot;ADMIN&quot;, &quot;typ&quot;: &quot;access&quot;, &quot;user_id&quot;: &quot;user-df67c991&quot;}', 1, '2026-04-29 03:14:50.416960', '2026-04-29 03:29:50.000000', '2026-04-29 03:14:50.416968')]&#10;(Background on this error at: https://sqlalche.me/e/20/gkpj)">.venv\Lib\site-packages\sqlalchemy\engine\base.py:1967: in _exec_single_context
    self.dialect.do_execute(
.venv\Lib\site-packages\sqlalchemy\engine\default.py:952: in do_execute
    cursor.execute(statement, parameters)
E   sqlite3.IntegrityError: FOREIGN KEY constraint failed

The above exception was the direct cause of the following exception:
tests\p1_verification\test_auth_lifecycle.py:207: in test_revoke_device_tokens
    pair1 = service.issue_token_pair(
archive\apps\api\auth\token_service.py:102: in issue_token_pair
    self._persist_token(access_token, access_claims)
archive\apps\api\auth\token_service.py:262: in _persist_token
    self._get_repository().create_session_token(
archive\apps\api\identity\sqlalchemy_repository.py:804: in create_session_token
    session.flush()
.venv\Lib\site-packages\sqlalchemy\orm\session.py:4331: in flush
    self._flush(objects)
.venv\Lib\site-packages\sqlalchemy\orm\session.py:4466: in _flush
    with util.safe_reraise():
         ^^^^^^^^^^^^^^^^^^^
.venv\Lib\site-packages\sqlalchemy\util\langhelpers.py:121: in __exit__
    raise exc_value.with_traceback(exc_tb)
.venv\Lib\site-packages\sqlalchemy\orm\session.py:4427: in _flush
    flush_context.execute()
.venv\Lib\site-packages\sqlalchemy\orm\unitofwork.py:466: in execute
    rec.execute(self)
.venv\Lib\site-packages\sqlalchemy\orm\unitofwork.py:642: in execute
    util.preloaded.orm_persistence.save_obj(
.venv\Lib\site-packages\sqlalchemy\orm\persistence.py:93: in save_obj
    _emit_insert_statements(
.venv\Lib\site-packages\sqlalchemy\orm\persistence.py:1048: in _emit_insert_statements
    result = connection.execute(
.venv\Lib\site-packages\sqlalchemy\engine\base.py:1419: in execute
    return meth(
.venv\Lib\site-packages\sqlalchemy\sql\elements.py:527: in _execute_on_connection
    return connection._execute_clauseelement(
.venv\Lib\site-packages\sqlalchemy\engine\base.py:1641: in _execute_clauseelement
    ret = self._execute_context(
.venv\Lib\site-packages\sqlalchemy\engine\base.py:1846: in _execute_context
    return self._exec_single_context(
.venv\Lib\site-packages\sqlalchemy\engine\base.py:1986: in _exec_single_context
    self._handle_dbapi_exception(
.venv\Lib\site-packages\sqlalchemy\engine\base.py:2363: in _handle_dbapi_exception
    raise sqlalchemy_exception.with_traceback(exc_info[2]) from e
.venv\Lib\site-packages\sqlalchemy\engine\base.py:1967: in _exec_single_context
    self.dialect.do_execute(
.venv\Lib\site-packages\sqlalchemy\engine\default.py:952: in do_execute
    cursor.execute(statement, parameters)
E   sqlalchemy.exc.IntegrityError: (sqlite3.IntegrityError) FOREIGN KEY constraint failed
E   [SQL: INSERT INTO session_tokens (token_id, household_id, user_id, device_id, role, session_claims, is_valid, created_at, expires_at, updated_at) VALUES (?, ?, ?, ?, ?, ?, ?, ?, ?, ?)]
E   [parameters: ('7119681a549873859035507270e1a6e4006f473a2086de26077d744c42ab9ce4', 'family-35a6bd01', 'user-df67c991', 'dev-703e74a9', 'ADMIN', '{"device_id": "dev-703e74a9", "exp": 1777433390, "household_id": "family-35a6bd01", "iat": 1777432490, "iss": "hpal", "jti": "f57e7d3f-d8ba-4f71-a405-d51ccbddbe0e", "role": "ADMIN", "typ": "access", "user_id": "user-df67c991"}', 1, '2026-04-29 03:14:50.416960', '2026-04-29 03:29:50.000000', '2026-04-29 03:14:50.416968')]
E   (Background on this error at: https://sqlalche.me/e/20/gkpj)</failure></testcase><testcase classname="tests.p1_verification.test_auth_lifecycle.TestAuthHouseholdScopeBinding" name="test_cross_household_token_misuse_rejected" time="0.008"><failure message="sqlalchemy.exc.IntegrityError: (sqlite3.IntegrityError) FOREIGN KEY constraint failed&#10;[SQL: INSERT INTO session_tokens (token_id, household_id, user_id, device_id, role, session_claims, is_valid, created_at, expires_at, updated_at) VALUES (?, ?, ?, ?, ?, ?, ?, ?, ?, ?)]&#10;[parameters: ('94fe15453dfc6f02d46415c7c96257402be2b5ea69fda1b2c8f2ab4133cf3720', 'family-bc96a929', 'user-ba636708', 'dev-ffa31294', 'ADMIN', '{&quot;device_id&quot;: &quot;dev-ffa31294&quot;, &quot;exp&quot;: 1777433390, &quot;household_id&quot;: &quot;family-bc96a929&quot;, &quot;iat&quot;: 1777432490, &quot;iss&quot;: &quot;hpal&quot;, &quot;jti&quot;: &quot;eb2a27fc-74ed-4eee-8e42-6dc239f29cc4&quot;, &quot;role&quot;: &quot;ADMIN&quot;, &quot;typ&quot;: &quot;access&quot;, &quot;user_id&quot;: &quot;user-ba636708&quot;}', 1, '2026-04-29 03:14:50.740410', '2026-04-29 03:29:50.000000', '2026-04-29 03:14:50.740414')]&#10;(Background on this error at: https://sqlalche.me/e/20/gkpj)">.venv\Lib\site-packages\sqlalchemy\engine\base.py:1967: in _exec_single_context
    self.dialect.do_execute(
.venv\Lib\site-packages\sqlalchemy\engine\default.py:952: in do_execute
    cursor.execute(statement, parameters)
E   sqlite3.IntegrityError: FOREIGN KEY constraint failed

The above exception was the direct cause of the following exception:
tests\p1_verification\test_auth_lifecycle.py:247: in test_cross_household_token_misuse_rejected
    pair1 = service.issue_token_pair(
archive\apps\api\auth\token_service.py:102: in issue_token_pair
    self._persist_token(access_token, access_claims)
archive\apps\api\auth\token_service.py:262: in _persist_token
    self._get_repository().create_session_token(
archive\apps\api\identity\sqlalchemy_repository.py:804: in create_session_token
    session.flush()
.venv\Lib\site-packages\sqlalchemy\orm\session.py:4331: in flush
    self._flush(objects)
.venv\Lib\site-packages\sqlalchemy\orm\session.py:4466: in _flush
    with util.safe_reraise():
         ^^^^^^^^^^^^^^^^^^^
.venv\Lib\site-packages\sqlalchemy\util\langhelpers.py:121: in __exit__
    raise exc_value.with_traceback(exc_tb)
.venv\Lib\site-packages\sqlalchemy\orm\session.py:4427: in _flush
    flush_context.execute()
.venv\Lib\site-packages\sqlalchemy\orm\unitofwork.py:466: in execute
    rec.execute(self)
.venv\Lib\site-packages\sqlalchemy\orm\unitofwork.py:642: in execute
    util.preloaded.orm_persistence.save_obj(
.venv\Lib\site-packages\sqlalchemy\orm\persistence.py:93: in save_obj
    _emit_insert_statements(
.venv\Lib\site-packages\sqlalchemy\orm\persistence.py:1048: in _emit_insert_statements
    result = connection.execute(
.venv\Lib\site-packages\sqlalchemy\engine\base.py:1419: in execute
    return meth(
.venv\Lib\site-packages\sqlalchemy\sql\elements.py:527: in _execute_on_connection
    return connection._execute_clauseelement(
.venv\Lib\site-packages\sqlalchemy\engine\base.py:1641: in _execute_clauseelement
    ret = self._execute_context(
.venv\Lib\site-packages\sqlalchemy\engine\base.py:1846: in _execute_context
    return self._exec_single_context(
.venv\Lib\site-packages\sqlalchemy\engine\base.py:1986: in _exec_single_context
    self._handle_dbapi_exception(
.venv\Lib\site-packages\sqlalchemy\engine\base.py:2363: in _handle_dbapi_exception
    raise sqlalchemy_exception.with_traceback(exc_info[2]) from e
.venv\Lib\site-packages\sqlalchemy\engine\base.py:1967: in _exec_single_context
    self.dialect.do_execute(
.venv\Lib\site-packages\sqlalchemy\engine\default.py:952: in do_execute
    cursor.execute(statement, parameters)
E   sqlalchemy.exc.IntegrityError: (sqlite3.IntegrityError) FOREIGN KEY constraint failed
E   [SQL: INSERT INTO session_tokens (token_id, household_id, user_id, device_id, role, session_claims, is_valid, created_at, expires_at, updated_at) VALUES (?, ?, ?, ?, ?, ?, ?, ?, ?, ?)]
E   [parameters: ('94fe15453dfc6f02d46415c7c96257402be2b5ea69fda1b2c8f2ab4133cf3720', 'family-bc96a929', 'user-ba636708', 'dev-ffa31294', 'ADMIN', '{"device_id": "dev-ffa31294", "exp": 1777433390, "household_id": "family-bc96a929", "iat": 1777432490, "iss": "hpal", "jti": "eb2a27fc-74ed-4eee-8e42-6dc239f29cc4", "role": "ADMIN", "typ": "access", "user_id": "user-ba636708"}', 1, '2026-04-29 03:14:50.740410', '2026-04-29 03:29:50.000000', '2026-04-29 03:14:50.740414')]
E   (Background on this error at: https://sqlalche.me/e/20/gkpj)</failure></testcase><testcase classname="tests.p1_verification.test_auth_lifecycle.TestAuthHouseholdScopeBinding" name="test_token_claims_match_issuance" time="0.010"><failure message="sqlalchemy.exc.IntegrityError: (sqlite3.IntegrityError) FOREIGN KEY constraint failed&#10;[SQL: INSERT INTO session_tokens (token_id, household_id, user_id, device_id, role, session_claims, is_valid, created_at, expires_at, updated_at) VALUES (?, ?, ?, ?, ?, ?, ?, ?, ?, ?)]&#10;[parameters: ('c33283438bdcea060719f45999350302bbda5d0375152f4d6817f3662408bfc2', 'family-620a45bb', 'user-6cf60de5', 'dev-db0c867d', 'CHILD', '{&quot;device_id&quot;: &quot;dev-db0c867d&quot;, &quot;exp&quot;: 1777433391, &quot;household_id&quot;: &quot;family-620a45bb&quot;, &quot;iat&quot;: 1777432491, &quot;iss&quot;: &quot;hpal&quot;, &quot;jti&quot;: &quot;280829b4-9b2d-4a6d-b9e5-01110abc8841&quot;, &quot;role&quot;: &quot;CHILD&quot;, &quot;typ&quot;: &quot;access&quot;, &quot;user_id&quot;: &quot;user-6cf60de5&quot;}', 1, '2026-04-29 03:14:51.046273', '2026-04-29 03:29:51.000000', '2026-04-29 03:14:51.046277')]&#10;(Background on this error at: https://sqlalche.me/e/20/gkpj)">.venv\Lib\site-packages\sqlalchemy\engine\base.py:1967: in _exec_single_context
    self.dialect.do_execute(
.venv\Lib\site-packages\sqlalchemy\engine\default.py:952: in do_execute
    cursor.execute(statement, parameters)
E   sqlite3.IntegrityError: FOREIGN KEY constraint failed

The above exception was the direct cause of the following exception:
tests\p1_verification\test_auth_lifecycle.py:264: in test_token_claims_match_issuance
    pair = service.issue_token_pair(
archive\apps\api\auth\token_service.py:102: in issue_token_pair
    self._persist_token(access_token, access_claims)
archive\apps\api\auth\token_service.py:262: in _persist_token
    self._get_repository().create_session_token(
archive\apps\api\identity\sqlalchemy_repository.py:804: in create_session_token
    session.flush()
.venv\Lib\site-packages\sqlalchemy\orm\session.py:4331: in flush
    self._flush(objects)
.venv\Lib\site-packages\sqlalchemy\orm\session.py:4466: in _flush
    with util.safe_reraise():
         ^^^^^^^^^^^^^^^^^^^
.venv\Lib\site-packages\sqlalchemy\util\langhelpers.py:121: in __exit__
    raise exc_value.with_traceback(exc_tb)
.venv\Lib\site-packages\sqlalchemy\orm\session.py:4427: in _flush
    flush_context.execute()
.venv\Lib\site-packages\sqlalchemy\orm\unitofwork.py:466: in execute
    rec.execute(self)
.venv\Lib\site-packages\sqlalchemy\orm\unitofwork.py:642: in execute
    util.preloaded.orm_persistence.save_obj(
.venv\Lib\site-packages\sqlalchemy\orm\persistence.py:93: in save_obj
    _emit_insert_statements(
.venv\Lib\site-packages\sqlalchemy\orm\persistence.py:1048: in _emit_insert_statements
    result = connection.execute(
.venv\Lib\site-packages\sqlalchemy\engine\base.py:1419: in execute
    return meth(
.venv\Lib\site-packages\sqlalchemy\sql\elements.py:527: in _execute_on_connection
    return connection._execute_clauseelement(
.venv\Lib\site-packages\sqlalchemy\engine\base.py:1641: in _execute_clauseelement
    ret = self._execute_context(
.venv\Lib\site-packages\sqlalchemy\engine\base.py:1846: in _execute_context
    return self._exec_single_context(
.venv\Lib\site-packages\sqlalchemy\engine\base.py:1986: in _exec_single_context
    self._handle_dbapi_exception(
.venv\Lib\site-packages\sqlalchemy\engine\base.py:2363: in _handle_dbapi_exception
    raise sqlalchemy_exception.with_traceback(exc_info[2]) from e
.venv\Lib\site-packages\sqlalchemy\engine\base.py:1967: in _exec_single_context
    self.dialect.do_execute(
.venv\Lib\site-packages\sqlalchemy\engine\default.py:952: in do_execute
    cursor.execute(statement, parameters)
E   sqlalchemy.exc.IntegrityError: (sqlite3.IntegrityError) FOREIGN KEY constraint failed
E   [SQL: INSERT INTO session_tokens (token_id, household_id, user_id, device_id, role, session_claims, is_valid, created_at, expires_at, updated_at) VALUES (?, ?, ?, ?, ?, ?, ?, ?, ?, ?)]
E   [parameters: ('c33283438bdcea060719f45999350302bbda5d0375152f4d6817f3662408bfc2', 'family-620a45bb', 'user-6cf60de5', 'dev-db0c867d', 'CHILD', '{"device_id": "dev-db0c867d", "exp": 1777433391, "household_id": "family-620a45bb", "iat": 1777432491, "iss": "hpal", "jti": "280829b4-9b2d-4a6d-b9e5-01110abc8841", "role": "CHILD", "typ": "access", "user_id": "user-6cf60de5"}', 1, '2026-04-29 03:14:51.046273', '2026-04-29 03:29:51.000000', '2026-04-29 03:14:51.046277')]
E   (Background on this error at: https://sqlalche.me/e/20/gkpj)</failure></testcase><testcase classname="tests.p1_verification.test_chaos_concurrency.TestChaosConcurrentCreation" name="test_100_concurrent_task_creates_result_in_1" time="0.164" /><testcase classname="tests.p1_verification.test_chaos_concurrency.TestChaosConcurrentCreation" name="test_concurrent_creates_different_items_all_succeed" time="0.115" /><testcase classname="tests.p1_verification.test_chaos_concurrency.TestChaosCrossHouseholdIsolation" name="test_concurrent_writes_different_households_isolated" time="0.026" /><testcase classname="tests.p1_verification.test_chaos_concurrency.TestChaosCrossHouseholdIsolation" name="test_event_emission_no_cross_household_leakage" time="0.005" /><testcase classname="tests.p1_verification.test_chaos_concurrency.TestChaosAuthFailures" name="test_mixed_valid_invalid_tokens_concurrent" time="0.011"><failure message="sqlalchemy.exc.IntegrityError: (sqlite3.IntegrityError) FOREIGN KEY constraint failed&#10;[SQL: INSERT INTO session_tokens (token_id, household_id, user_id, device_id, role, session_claims, is_valid, created_at, expires_at, updated_at) VALUES (?, ?, ?, ?, ?, ?, ?, ?, ?, ?)]&#10;[parameters: ('ce9041fffdced4d836a3e9bb5537bb0cf519b9465202100ef4252f7f0a99b743', 'family-1', 'user-1', 'dev-1', 'ADMIN', '{&quot;device_id&quot;: &quot;dev-1&quot;, &quot;exp&quot;: 1777433391, &quot;household_id&quot;: &quot;family-1&quot;, &quot;iat&quot;: 1777432491, &quot;iss&quot;: &quot;hpal&quot;, &quot;jti&quot;: &quot;daff7194-983d-461d-bebe-4353f744b6cb&quot;, &quot;role&quot;: &quot;ADMIN&quot;, &quot;typ&quot;: &quot;access&quot;, &quot;user_id&quot;: &quot;user-1&quot;}', 1, '2026-04-29 03:14:51.769414', '2026-04-29 03:29:51.000000', '2026-04-29 03:14:51.769418')]&#10;(Background on this error at: https://sqlalche.me/e/20/gkpj)">.venv\Lib\site-packages\sqlalchemy\engine\base.py:1967: in _exec_single_context
    self.dialect.do_execute(
.venv\Lib\site-packages\sqlalchemy\engine\default.py:952: in do_execute
    cursor.execute(statement, parameters)
E   sqlite3.IntegrityError: FOREIGN KEY constraint failed

The above exception was the direct cause of the following exception:
tests\p1_verification\test_chaos_concurrency.py:186: in test_mixed_valid_invalid_tokens_concurrent
    pair = token_svc.issue_token_pair(
archive\apps\api\auth\token_service.py:102: in issue_token_pair
    self._persist_token(access_token, access_claims)
archive\apps\api\auth\token_service.py:262: in _persist_token
    self._get_repository().create_session_token(
archive\apps\api\identity\sqlalchemy_repository.py:804: in create_session_token
    session.flush()
.venv\Lib\site-packages\sqlalchemy\orm\session.py:4331: in flush
    self._flush(objects)
.venv\Lib\site-packages\sqlalchemy\orm\session.py:4466: in _flush
    with util.safe_reraise():
         ^^^^^^^^^^^^^^^^^^^
.venv\Lib\site-packages\sqlalchemy\util\langhelpers.py:121: in __exit__
    raise exc_value.with_traceback(exc_tb)
.venv\Lib\site-packages\sqlalchemy\orm\session.py:4427: in _flush
    flush_context.execute()
.venv\Lib\site-packages\sqlalchemy\orm\unitofwork.py:466: in execute
    rec.execute(self)
.venv\Lib\site-packages\sqlalchemy\orm\unitofwork.py:642: in execute
    util.preloaded.orm_persistence.save_obj(
.venv\Lib\site-packages\sqlalchemy\orm\persistence.py:93: in save_obj
    _emit_insert_statements(
.venv\Lib\site-packages\sqlalchemy\orm\persistence.py:1048: in _emit_insert_statements
    result = connection.execute(
.venv\Lib\site-packages\sqlalchemy\engine\base.py:1419: in execute
    return meth(
.venv\Lib\site-packages\sqlalchemy\sql\elements.py:527: in _execute_on_connection
    return connection._execute_clauseelement(
.venv\Lib\site-packages\sqlalchemy\engine\base.py:1641: in _execute_clauseelement
    ret = self._execute_context(
.venv\Lib\site-packages\sqlalchemy\engine\base.py:1846: in _execute_context
    return self._exec_single_context(
.venv\Lib\site-packages\sqlalchemy\engine\base.py:1986: in _exec_single_context
    self._handle_dbapi_exception(
.venv\Lib\site-packages\sqlalchemy\engine\base.py:2363: in _handle_dbapi_exception
    raise sqlalchemy_exception.with_traceback(exc_info[2]) from e
.venv\Lib\site-packages\sqlalchemy\engine\base.py:1967: in _exec_single_context
    self.dialect.do_execute(
.venv\Lib\site-packages\sqlalchemy\engine\default.py:952: in do_execute
    cursor.execute(statement, parameters)
E   sqlalchemy.exc.IntegrityError: (sqlite3.IntegrityError) FOREIGN KEY constraint failed
E   [SQL: INSERT INTO session_tokens (token_id, household_id, user_id, device_id, role, session_claims, is_valid, created_at, expires_at, updated_at) VALUES (?, ?, ?, ?, ?, ?, ?, ?, ?, ?)]
E   [parameters: ('ce9041fffdced4d836a3e9bb5537bb0cf519b9465202100ef4252f7f0a99b743', 'family-1', 'user-1', 'dev-1', 'ADMIN', '{"device_id": "dev-1", "exp": 1777433391, "household_id": "family-1", "iat": 1777432491, "iss": "hpal", "jti": "daff7194-983d-461d-bebe-4353f744b6cb", "role": "ADMIN", "typ": "access", "user_id": "user-1"}', 1, '2026-04-29 03:14:51.769414', '2026-04-29 03:29:51.000000', '2026-04-29 03:14:51.769418')]
E   (Background on this error at: https://sqlalche.me/e/20/gkpj)</failure></testcase><testcase classname="tests.p1_verification.test_chaos_concurrency.TestChaosLLMFailures" name="test_llm_timeouts_concurrent_dont_crash" time="0.020" /><testcase classname="tests.p1_verification.test_chaos_concurrency.TestChaosLLMFailures" name="test_rate_limit_under_concurrent_requests" time="0.018"><failure message="assert 6 &lt;= 5">tests\p1_verification\test_chaos_concurrency.py:283: in test_rate_limit_under_concurrent_requests
    assert results["llm"] &lt;= 5
E   assert 6 &lt;= 5</failure></testcase><testcase classname="tests.p1_verification.test_chaos_concurrency.TestChaosRetryStorms" name="test_retry_storm_deduplicated" time="0.110" /><testcase classname="tests.p1_verification.test_chaos_concurrency.TestChaosEventOrdering" name="test_events_ordered_under_concurrent_publishes" time="0.008" /><testcase classname="tests.p1_verification.test_e2e_integration.TestE2EAuthenticatedRequest" name="test_full_request_with_valid_token" time="0.015"><failure message="sqlalchemy.exc.IntegrityError: (sqlite3.IntegrityError) FOREIGN KEY constraint failed&#10;[SQL: INSERT INTO session_tokens (token_id, household_id, user_id, device_id, role, session_claims, is_valid, created_at, expires_at, updated_at) VALUES (?, ?, ?, ?, ?, ?, ?, ?, ?, ?)]&#10;[parameters: ('37bf0d549dfe624efafce4ba1469ce39288d6dab21c48a65ec95ceb420ed67ac', 'family-1', 'user-1', 'dev-1', 'ADMIN', '{&quot;device_id&quot;: &quot;dev-1&quot;, &quot;exp&quot;: 1777433392, &quot;household_id&quot;: &quot;family-1&quot;, &quot;iat&quot;: 1777432492, &quot;iss&quot;: &quot;hpal&quot;, &quot;jti&quot;: &quot;1c972648-cf0e-4009-8f77-904753389058&quot;, &quot;role&quot;: &quot;ADMIN&quot;, &quot;typ&quot;: &quot;access&quot;, &quot;user_id&quot;: &quot;user-1&quot;}', 1, '2026-04-29 03:14:52.439397', '2026-04-29 03:29:52.000000', '2026-04-29 03:14:52.439403')]&#10;(Background on this error at: https://sqlalche.me/e/20/gkpj)">.venv\Lib\site-packages\sqlalchemy\engine\base.py:1967: in _exec_single_context
    self.dialect.do_execute(
.venv\Lib\site-packages\sqlalchemy\engine\default.py:952: in do_execute
    cursor.execute(statement, parameters)
E   sqlite3.IntegrityError: FOREIGN KEY constraint failed

The above exception was the direct cause of the following exception:
tests\p1_verification\test_e2e_integration.py:46: in test_full_request_with_valid_token
    pair = token_svc.issue_token_pair(
archive\apps\api\auth\token_service.py:102: in issue_token_pair
    self._persist_token(access_token, access_claims)
archive\apps\api\auth\token_service.py:262: in _persist_token
    self._get_repository().create_session_token(
archive\apps\api\identity\sqlalchemy_repository.py:804: in create_session_token
    session.flush()
.venv\Lib\site-packages\sqlalchemy\orm\session.py:4331: in flush
    self._flush(objects)
.venv\Lib\site-packages\sqlalchemy\orm\session.py:4466: in _flush
    with util.safe_reraise():
         ^^^^^^^^^^^^^^^^^^^
.venv\Lib\site-packages\sqlalchemy\util\langhelpers.py:121: in __exit__
    raise exc_value.with_traceback(exc_tb)
.venv\Lib\site-packages\sqlalchemy\orm\session.py:4427: in _flush
    flush_context.execute()
.venv\Lib\site-packages\sqlalchemy\orm\unitofwork.py:466: in execute
    rec.execute(self)
.venv\Lib\site-packages\sqlalchemy\orm\unitofwork.py:642: in execute
    util.preloaded.orm_persistence.save_obj(
.venv\Lib\site-packages\sqlalchemy\orm\persistence.py:93: in save_obj
    _emit_insert_statements(
.venv\Lib\site-packages\sqlalchemy\orm\persistence.py:1048: in _emit_insert_statements
    result = connection.execute(
.venv\Lib\site-packages\sqlalchemy\engine\base.py:1419: in execute
    return meth(
.venv\Lib\site-packages\sqlalchemy\sql\elements.py:527: in _execute_on_connection
    return connection._execute_clauseelement(
.venv\Lib\site-packages\sqlalchemy\engine\base.py:1641: in _execute_clauseelement
    ret = self._execute_context(
.venv\Lib\site-packages\sqlalchemy\engine\base.py:1846: in _execute_context
    return self._exec_single_context(
.venv\Lib\site-packages\sqlalchemy\engine\base.py:1986: in _exec_single_context
    self._handle_dbapi_exception(
.venv\Lib\site-packages\sqlalchemy\engine\base.py:2363: in _handle_dbapi_exception
    raise sqlalchemy_exception.with_traceback(exc_info[2]) from e
.venv\Lib\site-packages\sqlalchemy\engine\base.py:1967: in _exec_single_context
    self.dialect.do_execute(
.venv\Lib\site-packages\sqlalchemy\engine\default.py:952: in do_execute
    cursor.execute(statement, parameters)
E   sqlalchemy.exc.IntegrityError: (sqlite3.IntegrityError) FOREIGN KEY constraint failed
E   [SQL: INSERT INTO session_tokens (token_id, household_id, user_id, device_id, role, session_claims, is_valid, created_at, expires_at, updated_at) VALUES (?, ?, ?, ?, ?, ?, ?, ?, ?, ?)]
E   [parameters: ('37bf0d549dfe624efafce4ba1469ce39288d6dab21c48a65ec95ceb420ed67ac', 'family-1', 'user-1', 'dev-1', 'ADMIN', '{"device_id": "dev-1", "exp": 1777433392, "household_id": "family-1", "iat": 1777432492, "iss": "hpal", "jti": "1c972648-cf0e-4009-8f77-904753389058", "role": "ADMIN", "typ": "access", "user_id": "user-1"}', 1, '2026-04-29 03:14:52.439397', '2026-04-29 03:29:52.000000', '2026-04-29 03:14:52.439403')]
E   (Background on this error at: https://sqlalche.me/e/20/gkpj)</failure></testcase><testcase classname="tests.p1_verification.test_e2e_integration.TestE2EAuthenticatedRequest" name="test_invalid_token_rejected_early" time="0.004" /><testcase classname="tests.p1_verification.test_e2e_integration.TestE2EIntentResolutionToWrite" name="test_valid_intent_triggers_write" time="0.010"><failure message="sqlalchemy.exc.IntegrityError: (sqlite3.IntegrityError) FOREIGN KEY constraint failed&#10;[SQL: INSERT INTO session_tokens (token_id, household_id, user_id, device_id, role, session_claims, is_valid, created_at, expires_at, updated_at) VALUES (?, ?, ?, ?, ?, ?, ?, ?, ?, ?)]&#10;[parameters: ('f76287106f8f19dcaf945240aa496b3403c4090ada047d721d90c2590a7e11b2', 'family-1', 'user-1', 'dev-1', 'ADMIN', '{&quot;device_id&quot;: &quot;dev-1&quot;, &quot;exp&quot;: 1777433392, &quot;household_id&quot;: &quot;family-1&quot;, &quot;iat&quot;: 1777432492, &quot;iss&quot;: &quot;hpal&quot;, &quot;jti&quot;: &quot;e92736b6-8b96-4b91-b295-ad88a66fd81c&quot;, &quot;role&quot;: &quot;ADMIN&quot;, &quot;typ&quot;: &quot;access&quot;, &quot;user_id&quot;: &quot;user-1&quot;}', 1, '2026-04-29 03:14:52.829468', '2026-04-29 03:29:52.000000', '2026-04-29 03:14:52.829472')]&#10;(Background on this error at: https://sqlalche.me/e/20/gkpj)">.venv\Lib\site-packages\sqlalchemy\engine\base.py:1967: in _exec_single_context
    self.dialect.do_execute(
.venv\Lib\site-packages\sqlalchemy\engine\default.py:952: in do_execute
    cursor.execute(statement, parameters)
E   sqlite3.IntegrityError: FOREIGN KEY constraint failed

The above exception was the direct cause of the following exception:
tests\p1_verification\test_e2e_integration.py:83: in test_valid_intent_triggers_write
    pair = token_svc.issue_token_pair(
archive\apps\api\auth\token_service.py:102: in issue_token_pair
    self._persist_token(access_token, access_claims)
archive\apps\api\auth\token_service.py:262: in _persist_token
    self._get_repository().create_session_token(
archive\apps\api\identity\sqlalchemy_repository.py:804: in create_session_token
    session.flush()
.venv\Lib\site-packages\sqlalchemy\orm\session.py:4331: in flush
    self._flush(objects)
.venv\Lib\site-packages\sqlalchemy\orm\session.py:4466: in _flush
    with util.safe_reraise():
         ^^^^^^^^^^^^^^^^^^^
.venv\Lib\site-packages\sqlalchemy\util\langhelpers.py:121: in __exit__
    raise exc_value.with_traceback(exc_tb)
.venv\Lib\site-packages\sqlalchemy\orm\session.py:4427: in _flush
    flush_context.execute()
.venv\Lib\site-packages\sqlalchemy\orm\unitofwork.py:466: in execute
    rec.execute(self)
.venv\Lib\site-packages\sqlalchemy\orm\unitofwork.py:642: in execute
    util.preloaded.orm_persistence.save_obj(
.venv\Lib\site-packages\sqlalchemy\orm\persistence.py:93: in save_obj
    _emit_insert_statements(
.venv\Lib\site-packages\sqlalchemy\orm\persistence.py:1048: in _emit_insert_statements
    result = connection.execute(
.venv\Lib\site-packages\sqlalchemy\engine\base.py:1419: in execute
    return meth(
.venv\Lib\site-packages\sqlalchemy\sql\elements.py:527: in _execute_on_connection
    return connection._execute_clauseelement(
.venv\Lib\site-packages\sqlalchemy\engine\base.py:1641: in _execute_clauseelement
    ret = self._execute_context(
.venv\Lib\site-packages\sqlalchemy\engine\base.py:1846: in _execute_context
    return self._exec_single_context(
.venv\Lib\site-packages\sqlalchemy\engine\base.py:1986: in _exec_single_context
    self._handle_dbapi_exception(
.venv\Lib\site-packages\sqlalchemy\engine\base.py:2363: in _handle_dbapi_exception
    raise sqlalchemy_exception.with_traceback(exc_info[2]) from e
.venv\Lib\site-packages\sqlalchemy\engine\base.py:1967: in _exec_single_context
    self.dialect.do_execute(
.venv\Lib\site-packages\sqlalchemy\engine\default.py:952: in do_execute
    cursor.execute(statement, parameters)
E   sqlalchemy.exc.IntegrityError: (sqlite3.IntegrityError) FOREIGN KEY constraint failed
E   [SQL: INSERT INTO session_tokens (token_id, household_id, user_id, device_id, role, session_claims, is_valid, created_at, expires_at, updated_at) VALUES (?, ?, ?, ?, ?, ?, ?, ?, ?, ?)]
E   [parameters: ('f76287106f8f19dcaf945240aa496b3403c4090ada047d721d90c2590a7e11b2', 'family-1', 'user-1', 'dev-1', 'ADMIN', '{"device_id": "dev-1", "exp": 1777433392, "household_id": "family-1", "iat": 1777432492, "iss": "hpal", "jti": "e92736b6-8b96-4b91-b295-ad88a66fd81c", "role": "ADMIN", "typ": "access", "user_id": "user-1"}', 1, '2026-04-29 03:14:52.829468', '2026-04-29 03:29:52.000000', '2026-04-29 03:14:52.829472')]
E   (Background on this error at: https://sqlalche.me/e/20/gkpj)</failure></testcase><testcase classname="tests.p1_verification.test_e2e_integration.TestE2EIntentResolutionToWrite" name="test_llm_timeout_fallback_still_writes" time="0.011"><failure message="sqlalchemy.exc.IntegrityError: (sqlite3.IntegrityError) FOREIGN KEY constraint failed&#10;[SQL: INSERT INTO session_tokens (token_id, household_id, user_id, device_id, role, session_claims, is_valid, created_at, expires_at, updated_at) VALUES (?, ?, ?, ?, ?, ?, ?, ?, ?, ?)]&#10;[parameters: ('3813178beea68e017920a85e5f7dca781f698c5788464910d99bac041174d2a9', 'family-1', 'user-1', 'dev-1', 'ADMIN', '{&quot;device_id&quot;: &quot;dev-1&quot;, &quot;exp&quot;: 1777433393, &quot;household_id&quot;: &quot;family-1&quot;, &quot;iat&quot;: 1777432493, &quot;iss&quot;: &quot;hpal&quot;, &quot;jti&quot;: &quot;d177d65a-c11f-4c03-9593-f43e218c8b42&quot;, &quot;role&quot;: &quot;ADMIN&quot;, &quot;typ&quot;: &quot;access&quot;, &quot;user_id&quot;: &quot;user-1&quot;}', 1, '2026-04-29 03:14:53.198553', '2026-04-29 03:29:53.000000', '2026-04-29 03:14:53.198557')]&#10;(Background on this error at: https://sqlalche.me/e/20/gkpj)">.venv\Lib\site-packages\sqlalchemy\engine\base.py:1967: in _exec_single_context
    self.dialect.do_execute(
.venv\Lib\site-packages\sqlalchemy\engine\default.py:952: in do_execute
    cursor.execute(statement, parameters)
E   sqlite3.IntegrityError: FOREIGN KEY constraint failed

The above exception was the direct cause of the following exception:
tests\p1_verification\test_e2e_integration.py:120: in test_llm_timeout_fallback_still_writes
    pair = token_svc.issue_token_pair(
archive\apps\api\auth\token_service.py:102: in issue_token_pair
    self._persist_token(access_token, access_claims)
archive\apps\api\auth\token_service.py:262: in _persist_token
    self._get_repository().create_session_token(
archive\apps\api\identity\sqlalchemy_repository.py:804: in create_session_token
    session.flush()
.venv\Lib\site-packages\sqlalchemy\orm\session.py:4331: in flush
    self._flush(objects)
.venv\Lib\site-packages\sqlalchemy\orm\session.py:4466: in _flush
    with util.safe_reraise():
         ^^^^^^^^^^^^^^^^^^^
.venv\Lib\site-packages\sqlalchemy\util\langhelpers.py:121: in __exit__
    raise exc_value.with_traceback(exc_tb)
.venv\Lib\site-packages\sqlalchemy\orm\session.py:4427: in _flush
    flush_context.execute()
.venv\Lib\site-packages\sqlalchemy\orm\unitofwork.py:466: in execute
    rec.execute(self)
.venv\Lib\site-packages\sqlalchemy\orm\unitofwork.py:642: in execute
    util.preloaded.orm_persistence.save_obj(
.venv\Lib\site-packages\sqlalchemy\orm\persistence.py:93: in save_obj
    _emit_insert_statements(
.venv\Lib\site-packages\sqlalchemy\orm\persistence.py:1048: in _emit_insert_statements
    result = connection.execute(
.venv\Lib\site-packages\sqlalchemy\engine\base.py:1419: in execute
    return meth(
.venv\Lib\site-packages\sqlalchemy\sql\elements.py:527: in _execute_on_connection
    return connection._execute_clauseelement(
.venv\Lib\site-packages\sqlalchemy\engine\base.py:1641: in _execute_clauseelement
    ret = self._execute_context(
.venv\Lib\site-packages\sqlalchemy\engine\base.py:1846: in _execute_context
    return self._exec_single_context(
.venv\Lib\site-packages\sqlalchemy\engine\base.py:1986: in _exec_single_context
    self._handle_dbapi_exception(
.venv\Lib\site-packages\sqlalchemy\engine\base.py:2363: in _handle_dbapi_exception
    raise sqlalchemy_exception.with_traceback(exc_info[2]) from e
.venv\Lib\site-packages\sqlalchemy\engine\base.py:1967: in _exec_single_context
    self.dialect.do_execute(
.venv\Lib\site-packages\sqlalchemy\engine\default.py:952: in do_execute
    cursor.execute(statement, parameters)
E   sqlalchemy.exc.IntegrityError: (sqlite3.IntegrityError) FOREIGN KEY constraint failed
E   [SQL: INSERT INTO session_tokens (token_id, household_id, user_id, device_id, role, session_claims, is_valid, created_at, expires_at, updated_at) VALUES (?, ?, ?, ?, ?, ?, ?, ?, ?, ?)]
E   [parameters: ('3813178beea68e017920a85e5f7dca781f698c5788464910d99bac041174d2a9', 'family-1', 'user-1', 'dev-1', 'ADMIN', '{"device_id": "dev-1", "exp": 1777433393, "household_id": "family-1", "iat": 1777432493, "iss": "hpal", "jti": "d177d65a-c11f-4c03-9593-f43e218c8b42", "role": "ADMIN", "typ": "access", "user_id": "user-1"}', 1, '2026-04-29 03:14:53.198553', '2026-04-29 03:29:53.000000', '2026-04-29 03:14:53.198557')]
E   (Background on this error at: https://sqlalche.me/e/20/gkpj)</failure></testcase><testcase classname="tests.p1_verification.test_e2e_integration.TestE2EEventEmission" name="test_write_emits_event" time="0.004" /><testcase classname="tests.p1_verification.test_e2e_integration.TestE2EEventEmission" name="test_write_failure_no_event" time="0.005" /><testcase classname="tests.p1_verification.test_e2e_integration.TestE2EEndToEndNominal" name="test_nominal_request_flow" time="0.010"><failure message="sqlalchemy.exc.IntegrityError: (sqlite3.IntegrityError) FOREIGN KEY constraint failed&#10;[SQL: INSERT INTO session_tokens (token_id, household_id, user_id, device_id, role, session_claims, is_valid, created_at, expires_at, updated_at) VALUES (?, ?, ?, ?, ?, ?, ?, ?, ?, ?)]&#10;[parameters: ('d68cf4ebded17b01243214d1d9ddc1bad868609da034f83209dccf2efadc4f70', 'family-1', 'user-1', 'dev-1', 'ADMIN', '{&quot;device_id&quot;: &quot;dev-1&quot;, &quot;exp&quot;: 1777433393, &quot;household_id&quot;: &quot;family-1&quot;, &quot;iat&quot;: 1777432493, &quot;iss&quot;: &quot;hpal&quot;, &quot;jti&quot;: &quot;f6e92e70-1261-484a-a21c-9002443fcf1f&quot;, &quot;role&quot;: &quot;ADMIN&quot;, &quot;typ&quot;: &quot;access&quot;, &quot;user_id&quot;: &quot;user-1&quot;}', 1, '2026-04-29 03:14:53.614992', '2026-04-29 03:29:53.000000', '2026-04-29 03:14:53.614996')]&#10;(Background on this error at: https://sqlalche.me/e/20/gkpj)">.venv\Lib\site-packages\sqlalchemy\engine\base.py:1967: in _exec_single_context
    self.dialect.do_execute(
.venv\Lib\site-packages\sqlalchemy\engine\default.py:952: in do_execute
    cursor.execute(statement, parameters)
E   sqlite3.IntegrityError: FOREIGN KEY constraint failed

The above exception was the direct cause of the following exception:
tests\p1_verification\test_e2e_integration.py:202: in test_nominal_request_flow
    pair = token_svc.issue_token_pair(
archive\apps\api\auth\token_service.py:102: in issue_token_pair
    self._persist_token(access_token, access_claims)
archive\apps\api\auth\token_service.py:262: in _persist_token
    self._get_repository().create_session_token(
archive\apps\api\identity\sqlalchemy_repository.py:804: in create_session_token
    session.flush()
.venv\Lib\site-packages\sqlalchemy\orm\session.py:4331: in flush
    self._flush(objects)
.venv\Lib\site-packages\sqlalchemy\orm\session.py:4466: in _flush
    with util.safe_reraise():
         ^^^^^^^^^^^^^^^^^^^
.venv\Lib\site-packages\sqlalchemy\util\langhelpers.py:121: in __exit__
    raise exc_value.with_traceback(exc_tb)
.venv\Lib\site-packages\sqlalchemy\orm\session.py:4427: in _flush
    flush_context.execute()
.venv\Lib\site-packages\sqlalchemy\orm\unitofwork.py:466: in execute
    rec.execute(self)
.venv\Lib\site-packages\sqlalchemy\orm\unitofwork.py:642: in execute
    util.preloaded.orm_persistence.save_obj(
.venv\Lib\site-packages\sqlalchemy\orm\persistence.py:93: in save_obj
    _emit_insert_statements(
.venv\Lib\site-packages\sqlalchemy\orm\persistence.py:1048: in _emit_insert_statements
    result = connection.execute(
.venv\Lib\site-packages\sqlalchemy\engine\base.py:1419: in execute
    return meth(
.venv\Lib\site-packages\sqlalchemy\sql\elements.py:527: in _execute_on_connection
    return connection._execute_clauseelement(
.venv\Lib\site-packages\sqlalchemy\engine\base.py:1641: in _execute_clauseelement
    ret = self._execute_context(
.venv\Lib\site-packages\sqlalchemy\engine\base.py:1846: in _execute_context
    return self._exec_single_context(
.venv\Lib\site-packages\sqlalchemy\engine\base.py:1986: in _exec_single_context
    self._handle_dbapi_exception(
.venv\Lib\site-packages\sqlalchemy\engine\base.py:2363: in _handle_dbapi_exception
    raise sqlalchemy_exception.with_traceback(exc_info[2]) from e
.venv\Lib\site-packages\sqlalchemy\engine\base.py:1967: in _exec_single_context
    self.dialect.do_execute(
.venv\Lib\site-packages\sqlalchemy\engine\default.py:952: in do_execute
    cursor.execute(statement, parameters)
E   sqlalchemy.exc.IntegrityError: (sqlite3.IntegrityError) FOREIGN KEY constraint failed
E   [SQL: INSERT INTO session_tokens (token_id, household_id, user_id, device_id, role, session_claims, is_valid, created_at, expires_at, updated_at) VALUES (?, ?, ?, ?, ?, ?, ?, ?, ?, ?)]
E   [parameters: ('d68cf4ebded17b01243214d1d9ddc1bad868609da034f83209dccf2efadc4f70', 'family-1', 'user-1', 'dev-1', 'ADMIN', '{"device_id": "dev-1", "exp": 1777433393, "household_id": "family-1", "iat": 1777432493, "iss": "hpal", "jti": "f6e92e70-1261-484a-a21c-9002443fcf1f", "role": "ADMIN", "typ": "access", "user_id": "user-1"}', 1, '2026-04-29 03:14:53.614992', '2026-04-29 03:29:53.000000', '2026-04-29 03:14:53.614996')]
[...]
    assert not remaining_direct, "DIRECT_MUTATION_SURFACE must be 0"
E   AssertionError: DIRECT_MUTATION_SURFACE must be 0
E   assert not [SurfaceFinding(kind='DIRECT_MUTATION_SURFACE', module='household_state.decision_engine', symbol='household_os.core.decision_engine', reason='Forbidden direct import outside trust registry'), SurfaceFinding(kind='DIRECT_MUTATION_SURFACE', module='household_state.household_state_manager', symbol='household_os.core.household_state_graph', reason='Forbidden direct import outside trust registry')]</failure></testcase><testcase classname="tests.test_ui_bootstrap_router" name="test_snapshot_determinism" time="0.020"><failure message="assert 404 == 200&#10; +  where 404 = &lt;Response [404 Not Found]&gt;.status_code">tests\test_ui_bootstrap_router.py:135: in test_snapshot_determinism
    assert r1.status_code == 200
E   assert 404 == 200
E    +  where 404 = &lt;Response [404 Not Found]&gt;.status_code</failure></testcase><testcase classname="tests.test_ui_bootstrap_router" name="test_patch_replay_consistency" time="0.011" /><testcase classname="tests.test_ui_bootstrap_router" name="test_chat_response_structure_validation" time="0.014"><failure message="assert 404 == 200&#10; +  where 404 = &lt;Response [404 Not Found]&gt;.status_code">tests\test_ui_bootstrap_router.py:168: in test_chat_response_structure_validation
    assert res.status_code == 200
E   assert 404 == 200
E    +  where 404 = &lt;Response [404 Not Found]&gt;.status_code</failure></testcase><testcase classname="tests.test_ui_bootstrap_router" name="test_no_internal_leakage_validation" time="0.021"><failure message="assert 404 == 200&#10; +  where 404 = &lt;Response [404 Not Found]&gt;.status_code">tests\test_ui_bootstrap_router.py:214: in test_no_internal_leakage_validation
    assert bootstrap.status_code == 200
E   assert 404 == 200
E    +  where 404 = &lt;Response [404 Not Found]&gt;.status_code</failure></testcase><testcase classname="tests.test_ui_bootstrap_router" name="test_bootstrap_includes_calendar_db_events_when_projection_empty" time="0.012" /><testcase classname="tests.test_ui_bootstrap_router" name="test_bootstrap_includes_runtime_graph_events_and_tasks" time="0.013" /><testcase classname="tests.test_ui_bootstrap_router" name="test_bootstrap_includes_pantry_and_weekly_recipe_suggestions" time="0.007" /><testcase classname="tests.test_ui_bootstrap_router" name="test_resolve_recipe_url_falls_back_to_search_for_invalid_candidate" time="0.003" /><testcase classname="tests.test_ui_bootstrap_router" name="test_resolve_recipe_url_falls_back_when_health_check_fails" time="0.005" /><testcase classname="tests.test_ui_bootstrap_router" name="test_bootstrap_includes_integration_events_when_user_is_connected" time="0.012" /><testcase classname="tests.test_ui_bootstrap_router" name="test_bootstrap_includes_email_summary_notifications" time="0.006" /><testcase classname="tests.test_ui_bootstrap_router" name="test_bootstrap_includes_email_summary_notifications_from_email_received" time="0.010" /><testcase classname="tests.test_ui_bootstrap_router" name="test_bootstrap_refreshes_cached_state_when_email_summary_changes" time="0.010" /><testcase classname="tests.test_ui_bootstrap_router" name="test_bootstrap_excludes_junk_email_notifications" time="0.008" /><testcase classname="tests.test_ui_bootstrap_router" name="test_bootstrap_rolls_up_low_priority_email_notifications" time="0.006" /><testcase classname="tests.test_ui_bootstrap_router" name="test_email_detail_endpoint_returns_combined_email_view" time="0.014"><failure message="assert 404 == 200&#10; +  where 404 = &lt;Response [404 Not Found]&gt;.status_code">tests\test_ui_bootstrap_router.py:715: in test_email_detail_endpoint_returns_combined_email_view
    assert response.status_code == 200
E   assert 404 == 200
E    +  where 404 = &lt;Response [404 Not Found]&gt;.status_code</failure></testcase><testcase classname="tests.test_ui_bootstrap_router" name="test_email_detail_endpoint_returns_404_when_email_not_found" time="0.013"><failure message="AssertionError: assert {'detail': 'Not Found'} == {'detail': 'email_not_found'}&#10;  &#10;  Differing items:&#10;  #x1B[0m{#x1B[33m'#x1B[39;49;00m#x1B[33mdetail#x1B[39;49;00m#x1B[33m'#x1B[39;49;00m: #x1B[33m'#x1B[39;49;00m#x1B[33mNot Found#x1B[39;49;00m#x1B[33m'#x1B[39;49;00m}#x1B[90m#x1B[39;49;00m != #x1B[0m{#x1B[33m'#x1B[39;49;00m#x1B[33mdetail#x1B[39;49;00m#x1B[33m'#x1B[39;49;00m: #x1B[33m'#x1B[39;49;00m#x1B[33memail_not_found#x1B[39;49;00m#x1B[33m'#x1B[39;49;00m}#x1B[90m#x1B[39;49;00m&#10;  &#10;  Full diff:&#10;  #x1B[0m#x1B[90m #x1B[39;49;00m {#x1B[90m#x1B[39;49;00m&#10;  #x1B[91m-     'detail': 'email_not_found',#x1B[39;49;00m#x1B[90m#x1B[39;49;00m...&#10;  &#10;  ...Full output truncated (4 lines hidden), use '-vv' to show">tests\test_ui_bootstrap_router.py:742: in test_email_detail_endpoint_returns_404_when_email_not_found
    assert response.json() == {"detail": "email_not_found"}
E   AssertionError: assert {'detail': 'Not Found'} == {'detail': 'email_not_found'}
E     
E     Differing items:
E     #x1B[0m{#x1B[33m'#x1B[39;49;00m#x1B[33mdetail#x1B[39;49;00m#x1B[33m'#x1B[39;49;00m: #x1B[33m'#x1B[39;49;00m#x1B[33mNot Found#x1B[39;49;00m#x1B[33m'#x1B[39;49;00m}#x1B[90m#x1B[39;49;00m != #x1B[0m{#x1B[33m'#x1B[39;49;00m#x1B[33mdetail#x1B[39;49;00m#x1B[33m'#x1B[39;49;00m: #x1B[33m'#x1B[39;49;00m#x1B[33memail_not_found#x1B[39;49;00m#x1B[33m'#x1B[39;49;00m}#x1B[90m#x1B[39;49;00m
E     
E     Full diff:
E     #x1B[0m#x1B[90m #x1B[39;49;00m {#x1B[90m#x1B[39;49;00m
E     #x1B[91m-     'detail': 'email_not_found',#x1B[39;49;00m#x1B[90m#x1B[39;49;00m...
E     
E     ...Full output truncated (4 lines hidden), use '-vv' to show</failure></testcase><testcase classname="tests.test_ui_canonical_wiring_guard" name="test_cozi_dashboard_exists" time="0.004" /><testcase classname="tests.test_ui_canonical_wiring_guard" name="test_cozi_fetches_brief_with_contract_validation" time="0.004" /><testcase classname="tests.test_ui_canonical_wiring_guard" name="test_cozi_fetches_operational_context" time="0.014" /><testcase classname="tests.test_ui_canonical_wiring_guard" name="test_synthetic_overlay_is_explicitly_opt_in" time="0.007" /><testcase classname="tests.test_ui_simulation_endpoints" name="test_simulation_run_endpoint_returns_structured_payload" time="0.013"><failure message="assert 404 == 200&#10; +  where 404 = &lt;Response [404 Not Found]&gt;.status_code">tests\test_ui_simulation_endpoints.py:21: in test_simulation_run_endpoint_returns_structured_payload
    assert response.status_code == 200
E   assert 404 == 200
E    +  where 404 = &lt;Response [404 Not Found]&gt;.status_code</failure></testcase><testcase classname="tests.test_ui_simulation_endpoints" name="test_simulation_stream_and_results_endpoints" time="0.016"><failure message="assert 404 == 200&#10; +  where 404 = &lt;Response [404 Not Found]&gt;.status_code">tests\test_ui_simulation_endpoints.py:62: in test_simulation_stream_and_results_endpoints
    assert stream_response.status_code == 200
E   assert 404 == 200
E    +  where 404 = &lt;Response [404 Not Found]&gt;.status_code</failure></testcase><testcase classname="tests.test_unified_trust_boundary" name="test_direct_pipeline_execution_attempt_must_fail" time="0.020"><failure message="household_os.security.trust_boundary_enforcer.SecurityViolation: Forbidden call blocked: ActionPipeline.execute_approved_actions from household_os.runtime.tracing">tests\test_unified_trust_boundary.py:59: in test_direct_pipeline_execution_attempt_must_fail
    pipeline.execute_approved_actions(graph=graph, now="2026-04-20T06:30:00Z")
household_os\runtime\tracing.py:21: in _wrapper
    return func(*args, **kwargs)
           ^^^^^^^^^^^^^^^^^^^^^
household_os\runtime\action_pipeline.py:478: in execute_approved_actions
    validate_forbidden_call(
household_os\security\trust_boundary_enforcer.py:150: in validate_forbidden_call
    enforce_trust_boundary(fn_name=fn_name, caller_module=caller_module)
household_os\security\trust_boundary_enforcer.py:143: in enforce_trust_boundary
    raise SecurityViolation(
E   household_os.security.trust_boundary_enforcer.SecurityViolation: Forbidden call blocked: ActionPipeline.execute_approved_actions from household_os.runtime.tracing</failure></testcase><testcase classname="tests.test_unified_trust_boundary" name="test_reject_without_authorization_gate_must_fail" time="0.012"><failure message="household_os.security.trust_boundary_enforcer.SecurityViolation: Forbidden call blocked: ActionPipeline.reject_actions from household_os.runtime.tracing">tests\test_unified_trust_boundary.py:66: in test_reject_without_authorization_gate_must_fail
    pipeline.reject_actions(
household_os\runtime\tracing.py:21: in _wrapper
    return func(*args, **kwargs)
           ^^^^^^^^^^^^^^^^^^^^^
household_os\runtime\action_pipeline.py:349: in reject_actions
    validate_forbidden_call(
household_os\security\trust_boundary_enforcer.py:150: in validate_forbidden_call
    enforce_trust_boundary(fn_name=fn_name, caller_module=caller_module)
household_os\security\trust_boundary_enforcer.py:143: in enforce_trust_boundary
    raise SecurityViolation(
E   household_os.security.trust_boundary_enforcer.SecurityViolation: Forbidden call blocked: ActionPipeline.reject_actions from household_os.runtime.tracing</failure></testcase><testcase classname="tests.test_unified_trust_boundary" name="test_legacy_execution_bypass_must_fail_without_explicit_authorization" time="0.003" /><testcase classname="tests.test_unified_trust_boundary" name="test_direct_state_read_cross_household_must_fail" time="0.006" /><testcase classname="tests.test_unified_trust_boundary" name="test_case_variant_actor_types_must_fail_hard" time="0.004" /><testcase classname="tests.test_unified_trust_boundary" name="test_missing_actor_identity_must_not_default" time="0.004" /><testcase classname="tests.test_unified_trust_boundary" name="test_system_worker_spoof_attempt_must_fail_without_verified_proof" time="0.008" /><testcase classname="tests.test_unified_trust_boundary" name="test_unsigned_event_replay_must_fail" time="0.004" /><testcase classname="tests.test_unified_trust_boundary" name="test_forged_actor_type_event_replay_must_fail" time="0.004" /><testcase classname="tests.test_unified_trust_boundary" name="test_mismatched_signature_event_replay_must_fail" time="0.004" /><testcase classname="tests.test_unified_trust_boundary" name="test_today_cross_household_access_must_fail_without_authorization" time="0.022" /><testcase classname="tests.test_unified_trust_boundary" name="test_run_legacy_path_must_be_gated_or_fail" time="0.069" /><testcase classname="tests.test_xai_harness_integration" name="test_concurrent_plan_creation_explanation_completeness[no_failures]" time="0.013" /><testcase classname="tests.test_xai_harness_integration" name="test_concurrent_plan_creation_explanation_completeness[light_transient]" time="0.011" /><testcase classname="tests.test_xai_harness_integration" name="test_concurrent_plan_creation_explanation_completeness[moderate_network]" time="0.011" /><testcase classname="tests.test_xai_harness_integration" name="test_concurrent_plan_creation_explanation_completeness[high_chaos]" time="0.014" /><testcase classname="tests.test_xai_harness_integration" name="test_concurrent_plan_creation_explanation_completeness[byzantine]" time="0.015" /><testcase classname="tests.test_xai_harness_integration" name="test_task_idempotency_explanation_completeness[no_failures]" time="0.010" /><testcase classname="tests.test_xai_harness_integration" name="test_task_idempotency_explanation_completeness[light_transient]" time="0.007" /><testcase classname="tests.test_xai_harness_integration" name="test_task_idempotency_explanation_completeness[moderate_network]" time="0.009" /><testcase classname="tests.test_xai_harness_integration" name="test_task_idempotency_explanation_completeness[high_chaos]" time="0.007" /><testcase classname="tests.test_xai_harness_integration" name="test_task_idempotency_explanation_completeness[byzantine]" time="0.010" /><testcase classname="tests.test_xai_harness_integration" name="test_conflicting_updates_explanation_completeness[no_failures]" time="0.030" /><testcase classname="tests.test_xai_harness_integration" name="test_conflicting_updates_explanation_completeness[light_transient]" time="0.026" /><testcase classname="tests.test_xai_harness_integration" name="test_conflicting_updates_explanation_completeness[moderate_network]" time="0.042" /><testcase classname="tests.test_xai_harness_integration" name="test_conflicting_updates_explanation_completeness[high_chaos]" time="0.028" /><testcase classname="tests.test_xai_harness_integration" name="test_conflicting_updates_explanation_completeness[byzantine]" time="0.025" /><testcase classname="tests.test_xai_harness_integration" name="test_no_duplicate_explanations_task_idempotency[no_failures]" time="0.013" /><testcase classname="tests.test_xai_harness_integration" name="test_no_duplicate_explanations_task_idempotency[light_transient]" time="0.008" /><testcase classname="tests.test_xai_harness_integration" name="test_no_duplicate_explanations_task_idempotency[moderate_network]" time="0.012" /><testcase classname="tests.test_xai_harness_integration" name="test_no_duplicate_explanations_task_idempotency[high_chaos]" time="0.009" /><testcase classname="tests.test_xai_harness_integration" name="test_no_duplicate_explanations_task_idempotency[byzantine]" time="0.011" /><testcase classname="tests.test_xai_harness_integration" name="test_no_duplicate_explanations_concurrent_plan_creation[no_failures]" time="0.009" /><testcase classname="tests.test_xai_harness_integration" name="test_no_duplicate_explanations_concurrent_plan_creation[light_transient]" time="0.013" /><testcase classname="tests.test_xai_harness_integration" name="test_no_duplicate_explanations_concurrent_plan_creation[moderate_network]" time="0.007" /><testcase classname="tests.test_xai_harness_integration" name="test_no_duplicate_explanations_concurrent_plan_creation[high_chaos]" time="0.009" /><testcase classname="tests.test_xai_harness_integration" name="test_no_duplicate_explanations_concurrent_plan_creation[byzantine]" time="0.027" /><testcase classname="tests.test_xai_harness_integration" name="test_replay_determinism_concurrent_plan_creation[no_failures]" time="0.017" /><testcase classname="tests.test_xai_harness_integration" name="test_replay_determinism_concurrent_plan_creation[light_transient]" time="0.017" /><testcase classname="tests.test_xai_harness_integration" name="test_replay_determinism_task_idempotency[no_failures]" time="0.015" /><testcase classname="tests.test_xai_harness_integration" name="test_replay_determinism_task_idempotency[light_transient]" time="0.013" /><testcase classname="tests.test_xai_harness_integration" name="test_no_cross_family_explanation_leakage[no_failures]" time="0.012" /><testcase classname="tests.test_xai_harness_integration" name="test_no_cross_family_explanation_leakage[light_transient]" time="0.010" /><testcase classname="tests.test_xai_harness_integration" name="test_no_cross_family_explanation_leakage[moderate_network]" time="0.009" /><testcase classname="tests.test_xai_harness_integration" name="test_no_cross_family_explanation_leakage[high_chaos]" time="0.009" /><testcase classname="tests.test_xai_harness_integration" name="test_no_cross_family_explanation_leakage[byzantine]" time="0.009" /><testcase classname="tests.test_xai_harness_integration" name="test_all_xai_invariants_pass_no_failures[concurrent_plan_creation-_make_concurrent_plan_creation]" time="0.011" /><testcase classname="tests.test_xai_harness_integration" name="test_all_xai_invariants_pass_no_failures[task_idempotency-_make_task_idempotency]" time="0.007" /><testcase classname="tests.test_xai_harness_integration" name="test_all_xai_invariants_pass_no_failures[conflicting_updates-_make_conflicting_updates]" time="0.033" /><testcase classname="tests.test_xai_harness_integration" name="test_full_matrix_report" time="0.501" /><testcase classname="tests.test_xai_layer" name="test_all_reason_codes_have_templates" time="0.004" /><testcase classname="tests.test_xai_layer" name="test_template_engine_determinism" time="0.004" /><testcase classname="tests.test_xai_layer" name="test_template_engine_no_unexpected_placeholders" time="0.004" /><testcase classname="tests.test_xai_layer" name="test_causal_mapper_determinism" time="0.004" /><testcase classname="tests.test_xai_layer" name="test_explanation_id_is_stable_across_instances" time="0.003" /><testcase classname="tests.test_xai_layer" name="test_mapper_known_command_types[create_or_merge_plan-plan]" time="0.004" /><testcase classname="tests.test_xai_layer" name="test_mapper_known_command_types[update_plan-plan]" time="0.005" /><testcase classname="tests.test_xai_layer" name="test_mapper_known_command_types[recompute_plan-plan]" time="0.005" /><testcase classname="tests.test_xai_layer" name="test_mapper_known_command_types[create_task-task]" time="0.003" /><testcase classname="tests.test_xai_layer" name="test_mapper_known_command_types[update_task-task]" time="0.022" /><testcase classname="tests.test_xai_layer" name="test_mapper_known_command_types[create_event-event]" time="0.004" /><testcase classname="tests.test_xai_layer" name="test_mapper_known_command_types[update_event-event]" time="0.005" /><testcase classname="tests.test_xai_layer" name="test_mapper_known_command_types[link_event_to_plan-event]" time="0.003" /><testcase classname="tests.test_xai_layer" name="test_mapper_known_command_types[manual_override-plan]" time="0.003" /><testcase classname="tests.test_xai_layer" name="test_mapper_unknown_command_type_returns_fallback" time="0.004" /><testcase classname="tests.test_xai_layer" name="test_plan_merged_gets_plan_optimized_code" time="0.004" /><testcase classname="tests.test_xai_layer" name="test_plan_conflict_revision_gets_event_time_conflict_code" time="0.004" /><testcase classname="tests.test_xai_layer" name="test_plan_recompute_with_trigger_source_gets_system_recompute_code" time="0.004" /><testcase classname="tests.test_xai_layer" name="test_task_completed_status" time="0.005" /><testcase classname="tests.test_xai_layer" name="test_task_blocked_status" time="0.003" /><testcase classname="tests.test_xai_layer" name="test_task_created_by_system" time="0.005" /><testcase classname="tests.test_xai_layer" name="test_event_linked_to_plan" time="0.003" /><testcase classname="tests.test_xai_layer" name="test_manual_override_gets_user_override_code" time="0.002" /><testcase classname="tests.test_xai_layer" name="test_no_internal_ids_in_explanation_text" time="0.004" /><testcase classname="tests.test_xai_layer" name="test_validation_replay_determinism_passes" time="0.004" /><testcase classname="tests.test_xai_layer" name="test_validation_no_duplicates_passes_for_unique" time="0.005" /><testcase classname="tests.test_xai_layer" name="test_validation_duplicate_detected" time="0.003" /><testcase classname="tests.test_xai_layer" name="test_validation_family_isolation_passes" time="0.002" /><testcase classname="tests.test_xai_layer" name="test_validation_family_isolation_detects_leakage" time="0.003" /><testcase classname="tests.test_xai_layer" name="test_validation_completeness_passes_when_all_covered" time="0.004" /><testcase classname="tests.test_xai_layer" name="test_validation_completeness_detects_missing" time="0.003" /><testcase classname="tests.test_xai_layer" name="test_validation_downstream_coverage_passes_when_all_covered" time="0.004" /><testcase classname="tests.test_xai_layer" name="test_validation_downstream_coverage_warns_on_missing" time="0.003" /><testcase classname="tests.test_xai_layer" name="test_composite_validation_passes_clean_run" time="0.009" /></testsuite></testsuites>